Using pre-set license
Built from '2022.3/staging' branch; Version is '2022.3.4f1 (35713cd46cd7) revision 3502396'; Using compiler version '192829333'; Build Type 'Release'
OS: 'Windows 11  (10.0.22621) 64bit CoreSingleLanguage' Language: 'en' Physical Memory: 15713 MB
BatchMode: 1, IsHumanControllingUs: 0, StartBugReporterOnCrash: 0, Is64bit: 1, IsPro: 1

COMMAND LINE ARGUMENTS:
G:\Unity\Hub\Editor\2022.3.4f1\Editor\Unity.exe
-adb2
-batchMode
-noUpm
-name
AssetImportWorker1
-projectPath
D:/Aries/Cosmic_Quest/My project (1)
-logFile
Logs/AssetImportWorker1.log
-srvPort
61962
Successfully changed project path to: D:/Aries/Cosmic_Quest/My project (1)
D:/Aries/Cosmic_Quest/My project (1)
[UnityMemory] Configuration Parameters - Can be set up in boot.config
    "memorysetup-bucket-allocator-granularity=16"
    "memorysetup-bucket-allocator-bucket-count=8"
    "memorysetup-bucket-allocator-block-size=33554432"
    "memorysetup-bucket-allocator-block-count=8"
    "memorysetup-main-allocator-block-size=16777216"
    "memorysetup-thread-allocator-block-size=16777216"
    "memorysetup-gfx-main-allocator-block-size=16777216"
    "memorysetup-gfx-thread-allocator-block-size=16777216"
    "memorysetup-cache-allocator-block-size=4194304"
    "memorysetup-typetree-allocator-block-size=2097152"
    "memorysetup-profiler-bucket-allocator-granularity=16"
    "memorysetup-profiler-bucket-allocator-bucket-count=8"
    "memorysetup-profiler-bucket-allocator-block-size=33554432"
    "memorysetup-profiler-bucket-allocator-block-count=8"
    "memorysetup-profiler-allocator-block-size=16777216"
    "memorysetup-profiler-editor-allocator-block-size=1048576"
    "memorysetup-temp-allocator-size-main=16777216"
    "memorysetup-job-temp-allocator-block-size=2097152"
    "memorysetup-job-temp-allocator-block-size-background=1048576"
    "memorysetup-job-temp-allocator-reduction-small-platforms=262144"
    "memorysetup-allocator-temp-initial-block-size-main=262144"
    "memorysetup-allocator-temp-initial-block-size-worker=262144"
    "memorysetup-temp-allocator-size-background-worker=32768"
    "memorysetup-temp-allocator-size-job-worker=262144"
    "memorysetup-temp-allocator-size-preload-manager=33554432"
    "memorysetup-temp-allocator-size-nav-mesh-worker=65536"
    "memorysetup-temp-allocator-size-audio-worker=65536"
    "memorysetup-temp-allocator-size-cloud-worker=32768"
    "memorysetup-temp-allocator-size-gi-baking-worker=262144"
    "memorysetup-temp-allocator-size-gfx=262144"
Player connection [18852] Host "[IP] 10.81.61.43 [Port] 0 [Flags] 2 [Guid] 142559480 [EditorId] 142559480 [Version] 1048832 [Id] WindowsEditor(7,JatinSingal) [Debug] 1 [PackageName] WindowsEditor [ProjectName] Editor" joined multi-casting on [225.0.0.222:54997]...

Player connection [18852] Host "[IP] 10.81.61.43 [Port] 0 [Flags] 2 [Guid] 142559480 [EditorId] 142559480 [Version] 1048832 [Id] WindowsEditor(7,JatinSingal) [Debug] 1 [PackageName] WindowsEditor [ProjectName] Editor" joined alternative multi-casting on [225.0.0.222:34997]...

Refreshing native plugins compatible for Editor in 5.32 ms, found 3 plugins.
Preloading 0 native plugins for Editor in 0.00 ms.
Initialize engine version: 2022.3.4f1 (35713cd46cd7)
[Subsystems] Discovering subsystems at path G:/Unity/Hub/Editor/2022.3.4f1/Editor/Data/Resources/UnitySubsystems
[Subsystems] Discovering subsystems at path D:/Aries/Cosmic_Quest/My project (1)/Assets
GfxDevice: creating device client; threaded=0; jobified=0
Direct3D:
    Version:  Direct3D 11.0 [level 11.1]
    Renderer: NVIDIA GeForce GTX 1650 (ID=0x1f99)
    Vendor:   NVIDIA
    VRAM:     3950 MB
    Driver:   31.0.15.3713
Initialize mono
Mono path[0] = 'G:/Unity/Hub/Editor/2022.3.4f1/Editor/Data/Managed'
Mono path[1] = 'G:/Unity/Hub/Editor/2022.3.4f1/Editor/Data/MonoBleedingEdge/lib/mono/unityjit-win32'
Mono config path = 'G:/Unity/Hub/Editor/2022.3.4f1/Editor/Data/MonoBleedingEdge/etc'
Using monoOptions --debugger-agent=transport=dt_socket,embedding=1,server=y,suspend=n,address=127.0.0.1:56108
Begin MonoManager ReloadAssembly
Registering precompiled unity dll's ...
Register platform support module: G:/Unity/Hub/Editor/2022.3.4f1/Editor/Data/PlaybackEngines/AndroidPlayer/UnityEditor.Android.Extensions.dll
Register platform support module: G:/Unity/Hub/Editor/2022.3.4f1/Editor/Data/PlaybackEngines/WindowsStandaloneSupport/UnityEditor.WindowsStandalone.Extensions.dll
Registered in 0.003571 seconds.
- Loaded All Assemblies, in  0.270 seconds
Native extension for WindowsStandalone target not found
Native extension for Android target not found
Android Extension - Scanning For ADB Devices 304 ms
Mono: successfully reloaded assembly
- Finished resetting the current domain, in  0.566 seconds
Domain Reload Profiling: 836ms
	BeginReloadAssembly (79ms)
		ExecutionOrderSort (0ms)
		DisableScriptedObjects (0ms)
		BackupInstance (0ms)
		ReleaseScriptingObjects (0ms)
		CreateAndSetChildDomain (1ms)
	RebuildCommonClasses (28ms)
	RebuildNativeTypeToScriptingClass (8ms)
	initialDomainReloadingComplete (42ms)
	LoadAllAssembliesAndSetupDomain (112ms)
		LoadAssemblies (80ms)
		RebuildTransferFunctionScriptingTraits (0ms)
		AnalyzeDomain (109ms)
			TypeCache.Refresh (108ms)
				TypeCache.ScanAssembly (99ms)
			ScanForSourceGeneratedMonoScriptInfo (0ms)
			ResolveRequiredComponents (0ms)
	FinalizeReload (566ms)
		ReleaseScriptCaches (0ms)
		RebuildScriptCaches (0ms)
		SetupLoadedEditorAssemblies (520ms)
			LogAssemblyErrors (0ms)
			InitializePlatformSupportModulesInManaged (393ms)
			SetLoadedEditorAssemblies (3ms)
			RefreshPlugins (0ms)
			BeforeProcessingInitializeOnLoad (2ms)
			ProcessInitializeOnLoadAttributes (83ms)
			ProcessInitializeOnLoadMethodAttributes (39ms)
			AfterProcessingInitializeOnLoad (0ms)
			EditorAssembliesLoaded (0ms)
		ExecutionOrderSort2 (0ms)
		AwakeInstancesAfterBackupRestoration (0ms)
========================================================================
Worker process is ready to serve import requests
Begin MonoManager ReloadAssembly
Symbol file LoadedFromMemory doesn't match image D:\Aries\Cosmic_Quest\My project (1)\Library\PackageCache\com.unity.visualscripting@1.8.0\Editor\VisualScripting.Core\Dependencies\YamlDotNet\Unity.VisualScripting.YamlDotNet.dll
Symbol file LoadedFromMemory doesn't match image D:\Aries\Cosmic_Quest\My project (1)\Library\PackageCache\com.unity.visualscripting@1.8.0\Editor\VisualScripting.Core\Dependencies\DotNetZip\Unity.VisualScripting.IonicZip.dll
- Loaded All Assemblies, in  0.560 seconds
Refreshing native plugins compatible for Editor in 2.24 ms, found 3 plugins.
Native extension for WindowsStandalone target not found
Native extension for Android target not found
Package Manager log level set to [2]
[Package Manager] Server::EnsureServerProcessIsRunning -- launch failed, reason: Unity was launched with the -noUpm command-line argument
[Package Manager] UpmClient::Send -- Unable to send message (not connected to UPM process).
[Package Manager] Cannot connect to Unity Package Manager local server
Mono: successfully reloaded assembly
- Finished resetting the current domain, in  0.459 seconds
Domain Reload Profiling: 1020ms
	BeginReloadAssembly (112ms)
		ExecutionOrderSort (0ms)
		DisableScriptedObjects (4ms)
		BackupInstance (0ms)
		ReleaseScriptingObjects (0ms)
		CreateAndSetChildDomain (20ms)
	RebuildCommonClasses (27ms)
	RebuildNativeTypeToScriptingClass (9ms)
	initialDomainReloadingComplete (33ms)
	LoadAllAssembliesAndSetupDomain (379ms)
		LoadAssemblies (205ms)
		RebuildTransferFunctionScriptingTraits (0ms)
		AnalyzeDomain (235ms)
			TypeCache.Refresh (221ms)
				TypeCache.ScanAssembly (210ms)
			ScanForSourceGeneratedMonoScriptInfo (11ms)
			ResolveRequiredComponents (3ms)
	FinalizeReload (460ms)
		ReleaseScriptCaches (0ms)
		RebuildScriptCaches (0ms)
		SetupLoadedEditorAssemblies (331ms)
			LogAssemblyErrors (0ms)
			InitializePlatformSupportModulesInManaged (19ms)
			SetLoadedEditorAssemblies (3ms)
			RefreshPlugins (0ms)
			BeforeProcessingInitializeOnLoad (46ms)
			ProcessInitializeOnLoadAttributes (243ms)
			ProcessInitializeOnLoadMethodAttributes (17ms)
			AfterProcessingInitializeOnLoad (3ms)
			EditorAssembliesLoaded (0ms)
		ExecutionOrderSort2 (0ms)
		AwakeInstancesAfterBackupRestoration (7ms)
Launched and connected shader compiler UnityShaderCompiler.exe after 0.08 seconds
Refreshing native plugins compatible for Editor in 2.15 ms, found 3 plugins.
Preloading 0 native plugins for Editor in 0.00 ms.
Unloading 3072 Unused Serialized files (Serialized files now loaded: 0)
Unloading 31 unused Assets / (56.3 KB). Loaded Objects now: 3539.
Memory consumption went from 120.9 MB to 120.9 MB.
Total: 3.126400 ms (FindLiveObjects: 0.202100 ms CreateObjectMapping: 0.149000 ms MarkObjects: 2.688800 ms  DeleteObjects: 0.084400 ms)

AssetImportParameters requested are different than current active one (requested -> active):
  custom:container-demuxer-ogg: 62fdf1f143b41e24485cea50d1cbac27 -> 
  custom:video-codec-MediaFoundation-h265: 746d11721c4dcdbdad8f713fa42b33f4 -> 
  custom:video-decoder-ogg-theora: a1e56fd34408186e4bbccfd4996cb3dc -> 
  custom:framework-win-MediaFoundation: 216162199b28c13a410421893ffa2e32 -> 
  custom:CustomObjectIndexerAttribute: 756ad292c208cfabdd7b50bc23989ffe -> 
  custom:container-demuxer-webm: 4f35f7cbe854078d1ac9338744f61a02 -> 
  custom:container-muxer-webm: aa71ff27fc2769a1b78a27578f13a17b -> 
  custom:video-decoder-webm-vp8: 9c59270c3fd7afecdb556c50c9e8de78 -> 
  custom:AudioImporter_EditorPlatform: d09bf68614088b80899f8185d706f6e7 -> 
  custom:video-encoder-webm-vp8: eb34c28f22e8b96e1ab97ce403110664 -> 
  custom:audio-decoder-ogg-vorbis: bf7c407c2cedff20999df2af8eb42d56 -> 
  custom:audio-encoder-webm-vorbis: bf7c407c2cedff20999df2af8eb42d56 -> 
========================================================================
Received Prepare
Refreshing native plugins compatible for Editor in 2.52 ms, found 3 plugins.
Preloading 0 native plugins for Editor in 0.00 ms.
Unloading 1 Unused Serialized files (Serialized files now loaded: 0)
Unloading 1 unused Assets / (3.0 KB). Loaded Objects now: 3539.
Memory consumption went from 71.9 MB to 71.9 MB.
Total: 2.690100 ms (FindLiveObjects: 0.204000 ms CreateObjectMapping: 0.074300 ms MarkObjects: 2.392400 ms  DeleteObjects: 0.018600 ms)

Prepare: number of updated asset objects reloaded= 0
AssetImportParameters requested are different than current active one (requested -> active):
  custom:container-demuxer-ogg: 62fdf1f143b41e24485cea50d1cbac27 -> 
  custom:video-codec-MediaFoundation-h265: 746d11721c4dcdbdad8f713fa42b33f4 -> 
  custom:video-decoder-ogg-theora: a1e56fd34408186e4bbccfd4996cb3dc -> 
  custom:framework-win-MediaFoundation: 216162199b28c13a410421893ffa2e32 -> 
  custom:CustomObjectIndexerAttribute: 756ad292c208cfabdd7b50bc23989ffe -> 
  custom:container-demuxer-webm: 4f35f7cbe854078d1ac9338744f61a02 -> 
  custom:container-muxer-webm: aa71ff27fc2769a1b78a27578f13a17b -> 
  custom:video-decoder-webm-vp8: 9c59270c3fd7afecdb556c50c9e8de78 -> 
  custom:SearchIndexIgnoredProperties: e643bd26f0fe6173181afceb89e7c659 -> 
  custom:AudioImporter_EditorPlatform: d09bf68614088b80899f8185d706f6e7 -> 
  custom:video-encoder-webm-vp8: eb34c28f22e8b96e1ab97ce403110664 -> 
  custom:audio-decoder-ogg-vorbis: bf7c407c2cedff20999df2af8eb42d56 -> 
  custom:audio-encoder-webm-vorbis: bf7c407c2cedff20999df2af8eb42d56 -> 
========================================================================
Received Import Request.
  Time since last request: 323568.861513 seconds.
  path: Assets
  artifactKey: Guid(00000000000000001000000000000000) Importer(815301076,1909f56bfc062723c751e8b465ee728b)
Start importing Assets using Guid(00000000000000001000000000000000) Importer(815301076,1909f56bfc062723c751e8b465ee728b)  -> (artifact id: '8a4fe85251aa2e89732c359432baa2c3') in 0.003581 seconds
Number of updated asset objects reloaded before import = 0
Number of asset objects unloaded after import = 0
========================================================================
Received Import Request.
  Time since last request: 217.964902 seconds.
  path: Assets/Skybox/space_nebula_6k.jpg
  artifactKey: Guid(aa7b38db640ca1e45a5d5fe082a0fd1a) Importer(2089858483,0ecaa5967403d082aa24f35e1b516d23)
Start importing Assets/Skybox/space_nebula_6k.jpg using Guid(aa7b38db640ca1e45a5d5fe082a0fd1a) Importer(2089858483,0ecaa5967403d082aa24f35e1b516d23) Generated GUIDs only implemented for interfaces!
 -> (artifact id: '6f785dd7bd7fe041a8c5f86163292ac5') in 0.502423 seconds
Number of updated asset objects reloaded before import = 0
Number of asset objects unloaded after import = 1
========================================================================
Received Import Request.
  Time since last request: 189.938681 seconds.
  path: Assets/HiRezSpaceshipsCreatorFree/Prefabs/ExamplesNoInterior/Example1NoInterior_Red.prefab
  artifactKey: Guid(8b9e8529f42020f4dacf64553cb2203d) Importer(2089858483,0ecaa5967403d082aa24f35e1b516d23)
Start importing Assets/HiRezSpaceshipsCreatorFree/Prefabs/ExamplesNoInterior/Example1NoInterior_Red.prefab using Guid(8b9e8529f42020f4dacf64553cb2203d) Importer(2089858483,0ecaa5967403d082aa24f35e1b516d23) Generated GUIDs only implemented for interfaces!
 -> (artifact id: '1ea75e0ae527b282ee48eee3aa353713') in 0.016550 seconds
Number of updated asset objects reloaded before import = 0
Number of asset objects unloaded after import = 195
========================================================================
Received Import Request.
  Time since last request: 0.000021 seconds.
  path: Assets/HiRezSpaceshipsCreatorFree/Materials/Cockpits/Red/Cockpit3Red.mat
  artifactKey: Guid(8e818c4f49caabf4aa5887c4726ee4b0) Importer(2089858483,0ecaa5967403d082aa24f35e1b516d23)
Start importing Assets/HiRezSpaceshipsCreatorFree/Materials/Cockpits/Red/Cockpit3Red.mat using Guid(8e818c4f49caabf4aa5887c4726ee4b0) Importer(2089858483,0ecaa5967403d082aa24f35e1b516d23) Generated GUIDs only implemented for interfaces!
 -> (artifact id: '7c51183a6c7b3cfb6c990c4298f596c1') in 0.253135 seconds
Number of updated asset objects reloaded before import = 0
Number of asset objects unloaded after import = 5
========================================================================
Received Import Request.
  Time since last request: 0.000029 seconds.
  path: Assets/HiRezSpaceshipsCreatorFree/Materials/MainBodies/Red
  artifactKey: Guid(39dc345943360354fbf0a0a8c76cc11a) Importer(2089858483,0ecaa5967403d082aa24f35e1b516d23)
Start importing Assets/HiRezSpaceshipsCreatorFree/Materials/MainBodies/Red using Guid(39dc345943360354fbf0a0a8c76cc11a) Importer(2089858483,0ecaa5967403d082aa24f35e1b516d23) Generated GUIDs only implemented for interfaces!
 -> (artifact id: '50677a595209d3f47d452edb3d0a8d35') in 0.006214 seconds
Number of updated asset objects reloaded before import = 0
Number of asset objects unloaded after import = 1
========================================================================
Received Import Request.
  Time since last request: 0.000069 seconds.
  path: Assets/HiRezSpaceshipsCreatorFree/Prefabs/Modules/Wing6_Mirrored.prefab
  artifactKey: Guid(7295c3dc82e51b94d851c7608de0fe8c) Importer(2089858483,0ecaa5967403d082aa24f35e1b516d23)
Start importing Assets/HiRezSpaceshipsCreatorFree/Prefabs/Modules/Wing6_Mirrored.prefab using Guid(7295c3dc82e51b94d851c7608de0fe8c) Importer(2089858483,0ecaa5967403d082aa24f35e1b516d23) Generated GUIDs only implemented for interfaces!
 -> (artifact id: '12fe126546ddb021545beff11b098be8') in 0.011420 seconds
Number of updated asset objects reloaded before import = 0
Number of asset objects unloaded after import = 12
========================================================================
Received Import Request.
  Time since last request: 0.000023 seconds.
  path: Assets/HiRezSpaceshipsCreatorFree/Textures/Cockpits/Cockpit3
  artifactKey: Guid(75c662528f56f9f4ea6094c5deb60b8b) Importer(2089858483,0ecaa5967403d082aa24f35e1b516d23)
Start importing Assets/HiRezSpaceshipsCreatorFree/Textures/Cockpits/Cockpit3 using Guid(75c662528f56f9f4ea6094c5deb60b8b) Importer(2089858483,0ecaa5967403d082aa24f35e1b516d23) Generated GUIDs only implemented for interfaces!
 -> (artifact id: 'a30252a910389a8b652a68e98fec8ad7') in 0.006273 seconds
Number of updated asset objects reloaded before import = 0
Number of asset objects unloaded after import = 1
========================================================================
Received Import Request.
  Time since last request: 0.000025 seconds.
  path: Assets/HiRezSpaceshipsCreatorFree/Textures/Wings/Wing6/Wing6_Normal.png
  artifactKey: Guid(88b42f591f27e2d4e82e213b181e6906) Importer(2089858483,0ecaa5967403d082aa24f35e1b516d23)
Start importing Assets/HiRezSpaceshipsCreatorFree/Textures/Wings/Wing6/Wing6_Normal.png using Guid(88b42f591f27e2d4e82e213b181e6906) Importer(2089858483,0ecaa5967403d082aa24f35e1b516d23) Generated GUIDs only implemented for interfaces!
 -> (artifact id: 'a50b1e9728938c25ec03f5369d7fa86c') in 0.101821 seconds
Number of updated asset objects reloaded before import = 0
Number of asset objects unloaded after import = 1
========================================================================
Received Import Request.
  Time since last request: 0.000029 seconds.
  path: Assets/HiRezSpaceshipsCreatorFree/Textures/Cockpits/CockpitsEquipments/CockpitsEquipments_MetallicSmoothness.png
  artifactKey: Guid(40bbb22a7e9e1eb458fb044f32b0a36c) Importer(2089858483,0ecaa5967403d082aa24f35e1b516d23)
Start importing Assets/HiRezSpaceshipsCreatorFree/Textures/Cockpits/CockpitsEquipments/CockpitsEquipments_MetallicSmoothness.png using Guid(40bbb22a7e9e1eb458fb044f32b0a36c) Importer(2089858483,0ecaa5967403d082aa24f35e1b516d23) Generated GUIDs only implemented for interfaces!
 -> (artifact id: 'c6f9ec3f011094e649476833074d4c48') in 0.087462 seconds
Number of updated asset objects reloaded before import = 0
Number of asset objects unloaded after import = 1
========================================================================
Received Import Request.
  Time since last request: 0.004318 seconds.
  path: Assets/HiRezSpaceshipsCreatorFree/SRP/URP_Materials.unitypackage
  artifactKey: Guid(f86107f5cfd591a43aa092d77b2aa9da) Importer(2089858483,0ecaa5967403d082aa24f35e1b516d23)
Start importing Assets/HiRezSpaceshipsCreatorFree/SRP/URP_Materials.unitypackage using Guid(f86107f5cfd591a43aa092d77b2aa9da) Importer(2089858483,0ecaa5967403d082aa24f35e1b516d23) Generated GUIDs only implemented for interfaces!
 -> (artifact id: '1716ea112847db3403491a8100d91f9e') in 0.006277 seconds
Number of updated asset objects reloaded before import = 0
Number of asset objects unloaded after import = 1
========================================================================
Received Import Request.
  Time since last request: 0.000029 seconds.
  path: Assets/HiRezSpaceshipsCreatorFree/Readme.txt
  artifactKey: Guid(c83ea7f0496c84c4fb4019baa55a5b7f) Importer(2089858483,0ecaa5967403d082aa24f35e1b516d23)
Start importing Assets/HiRezSpaceshipsCreatorFree/Readme.txt using Guid(c83ea7f0496c84c4fb4019baa55a5b7f) Importer(2089858483,0ecaa5967403d082aa24f35e1b516d23) Generated GUIDs only implemented for interfaces!
 -> (artifact id: 'f7b00b855a69468edbf6d52cf83d6938') in 0.005199 seconds
Number of updated asset objects reloaded before import = 0
Number of asset objects unloaded after import = 1
========================================================================
Received Import Request.
  Time since last request: 0.000067 seconds.
  path: Assets/HiRezSpaceshipsCreatorFree/Textures/Weapons/BigLauncher/BigLauncher_MetallicSmoothness.png
  artifactKey: Guid(1a36828b9747bc74e9483910a1f5a667) Importer(2089858483,0ecaa5967403d082aa24f35e1b516d23)
Start importing Assets/HiRezSpaceshipsCreatorFree/Textures/Weapons/BigLauncher/BigLauncher_MetallicSmoothness.png using Guid(1a36828b9747bc74e9483910a1f5a667) Importer(2089858483,0ecaa5967403d082aa24f35e1b516d23) Generated GUIDs only implemented for interfaces!
 -> (artifact id: 'd0f72383ccdb5c2c3e8f211139506900') in 0.067713 seconds
Number of updated asset objects reloaded before import = 0
Number of asset objects unloaded after import = 1
========================================================================
Received Import Request.
  Time since last request: 0.000059 seconds.
  path: Assets/HiRezSpaceshipsCreatorFree/Textures/MainBodies/MainBody13/Masks/MainBody13_Mask1.png
  artifactKey: Guid(0c7d7214cb004f24f9da086c70443595) Importer(2089858483,0ecaa5967403d082aa24f35e1b516d23)
Start importing Assets/HiRezSpaceshipsCreatorFree/Textures/MainBodies/MainBody13/Masks/MainBody13_Mask1.png using Guid(0c7d7214cb004f24f9da086c70443595) Importer(2089858483,0ecaa5967403d082aa24f35e1b516d23) Generated GUIDs only implemented for interfaces!
 -> (artifact id: '2f207d136ac83f72b91432b13d77400e') in 0.057877 seconds
Number of updated asset objects reloaded before import = 0
Number of asset objects unloaded after import = 1
========================================================================
Received Import Request.
  Time since last request: 0.000576 seconds.
  path: Assets/HiRezSpaceshipsCreatorFree/Textures/Cockpits/Cockpit3/Cockpit3_MetallicSmoothness.png
  artifactKey: Guid(bdd1b3872cd77a74c805d90b38fab05e) Importer(2089858483,0ecaa5967403d082aa24f35e1b516d23)
Start importing Assets/HiRezSpaceshipsCreatorFree/Textures/Cockpits/Cockpit3/Cockpit3_MetallicSmoothness.png using Guid(bdd1b3872cd77a74c805d90b38fab05e) Importer(2089858483,0ecaa5967403d082aa24f35e1b516d23) Generated GUIDs only implemented for interfaces!
 -> (artifact id: '6996213651560f59a43fca72ce9749de') in 0.073304 seconds
Number of updated asset objects reloaded before import = 0
Number of asset objects unloaded after import = 1
========================================================================
Received Import Request.
  Time since last request: 0.000033 seconds.
  path: Assets/HiRezSpaceshipsCreatorFree/Textures/Engines/Thrusters/Thrusters_Albedo.png
  artifactKey: Guid(5c63c83ee675bc046905dceac132b364) Importer(2089858483,0ecaa5967403d082aa24f35e1b516d23)
Start importing Assets/HiRezSpaceshipsCreatorFree/Textures/Engines/Thrusters/Thrusters_Albedo.png using Guid(5c63c83ee675bc046905dceac132b364) Importer(2089858483,0ecaa5967403d082aa24f35e1b516d23) Generated GUIDs only implemented for interfaces!
 -> (artifact id: '0bee3b2180beb5db897ef2ef51c8d28a') in 0.036622 seconds
Number of updated asset objects reloaded before import = 0
Number of asset objects unloaded after import = 1
========================================================================
Received Import Request.
  Time since last request: 0.000040 seconds.
  path: Assets/HiRezSpaceshipsCreatorFree/Textures/MainBodies/MainBody13/MainBody13_Normal.png
  artifactKey: Guid(fe2e163725cb83e498ff363bd43a6269) Importer(2089858483,0ecaa5967403d082aa24f35e1b516d23)
Start importing Assets/HiRezSpaceshipsCreatorFree/Textures/MainBodies/MainBody13/MainBody13_Normal.png using Guid(fe2e163725cb83e498ff363bd43a6269) Importer(2089858483,0ecaa5967403d082aa24f35e1b516d23) Generated GUIDs only implemented for interfaces!
 -> (artifact id: '16e63d5365a2b5af889f91d9e2c52020') in 0.056199 seconds
Number of updated asset objects reloaded before import = 0
Number of asset objects unloaded after import = 1
========================================================================
Received Import Request.
  Time since last request: 0.000036 seconds.
  path: Assets/HiRezSpaceshipsCreatorFree/Textures/Cockpits/Cockpit3/Masks/Cockpit3(interior)_Mask1.png
  artifactKey: Guid(5335a235890166244914938782e12f57) Importer(2089858483,0ecaa5967403d082aa24f35e1b516d23)
Start importing Assets/HiRezSpaceshipsCreatorFree/Textures/Cockpits/Cockpit3/Masks/Cockpit3(interior)_Mask1.png using Guid(5335a235890166244914938782e12f57) Importer(2089858483,0ecaa5967403d082aa24f35e1b516d23) Generated GUIDs only implemented for interfaces!
 -> (artifact id: '875f2226947bd54dfb31ce3730978956') in 0.036261 seconds
Number of updated asset objects reloaded before import = 0
Number of asset objects unloaded after import = 1
========================================================================
Received Import Request.
  Time since last request: 0.000042 seconds.
  path: Assets/HiRezSpaceshipsCreatorFree/Textures/Cockpits/Cockpit3/Cockpit3_Emission.png
  artifactKey: Guid(c46249aa4f38c7c4f96ba2d6ef40c595) Importer(2089858483,0ecaa5967403d082aa24f35e1b516d23)
Start importing Assets/HiRezSpaceshipsCreatorFree/Textures/Cockpits/Cockpit3/Cockpit3_Emission.png using Guid(c46249aa4f38c7c4f96ba2d6ef40c595) Importer(2089858483,0ecaa5967403d082aa24f35e1b516d23) Generated GUIDs only implemented for interfaces!
 -> (artifact id: 'bc28c421c31daf18a3177b1f9acdc733') in 0.047360 seconds
Number of updated asset objects reloaded before import = 0
Number of asset objects unloaded after import = 1
========================================================================
Received Import Request.
  Time since last request: 0.000064 seconds.
  path: Assets/HiRezSpaceshipsCreatorFree/Textures/Weapons/BigLauncher/BigLauncher_Normal.png
  artifactKey: Guid(ec08dbef9f2345541b741ee48b46d73f) Importer(2089858483,0ecaa5967403d082aa24f35e1b516d23)
Start importing Assets/HiRezSpaceshipsCreatorFree/Textures/Weapons/BigLauncher/BigLauncher_Normal.png using Guid(ec08dbef9f2345541b741ee48b46d73f) Importer(2089858483,0ecaa5967403d082aa24f35e1b516d23) Generated GUIDs only implemented for interfaces!
 -> (artifact id: 'e36206de7d05b87c11886eb49bcc41b6') in 0.092403 seconds
Number of updated asset objects reloaded before import = 0
Number of asset objects unloaded after import = 1
========================================================================
Received Import Request.
  Time since last request: 0.002715 seconds.
  path: Assets/HiRezSpaceshipsCreatorFree/Textures/Cockpits/Cockpit3/Cockpit3(interior)_Grey.png
  artifactKey: Guid(d54e9b663b16fc74f936bfa2f79a64d3) Importer(2089858483,0ecaa5967403d082aa24f35e1b516d23)
Start importing Assets/HiRezSpaceshipsCreatorFree/Textures/Cockpits/Cockpit3/Cockpit3(interior)_Grey.png using Guid(d54e9b663b16fc74f936bfa2f79a64d3) Importer(2089858483,0ecaa5967403d082aa24f35e1b516d23) Generated GUIDs only implemented for interfaces!
 -> (artifact id: '92b0d7ab34a86da2425ac72a6da2fe9d') in 0.058110 seconds
Number of updated asset objects reloaded before import = 0
Number of asset objects unloaded after import = 1
========================================================================
Received Import Request.
  Time since last request: 0.000063 seconds.
  path: Assets/HiRezSpaceshipsCreatorFree/Textures/Cockpits/Cockpit3/Cockpit3_Red.png
  artifactKey: Guid(cbfc8e5b57a43684aacd34f77a9ceccb) Importer(2089858483,0ecaa5967403d082aa24f35e1b516d23)
Start importing Assets/HiRezSpaceshipsCreatorFree/Textures/Cockpits/Cockpit3/Cockpit3_Red.png using Guid(cbfc8e5b57a43684aacd34f77a9ceccb) Importer(2089858483,0ecaa5967403d082aa24f35e1b516d23) Generated GUIDs only implemented for interfaces!
 -> (artifact id: '1d8dd5e585a4d59105f4ab15ef2f56da') in 0.059001 seconds
Number of updated asset objects reloaded before import = 0
Number of asset objects unloaded after import = 1
========================================================================
Received Import Request.
  Time since last request: 0.000238 seconds.
  path: Assets/HiRezSpaceshipsCreatorFree/Textures/Cockpits/Cockpit3/Masks/Cockpit3_Mask2.png
  artifactKey: Guid(b5ff7a98ccef01f439b2fd911d931619) Importer(2089858483,0ecaa5967403d082aa24f35e1b516d23)
Start importing Assets/HiRezSpaceshipsCreatorFree/Textures/Cockpits/Cockpit3/Masks/Cockpit3_Mask2.png using Guid(b5ff7a98ccef01f439b2fd911d931619) Importer(2089858483,0ecaa5967403d082aa24f35e1b516d23) Generated GUIDs only implemented for interfaces!
 -> (artifact id: '092787846906eb221953ccf0e4c9ecec') in 0.059063 seconds
Number of updated asset objects reloaded before import = 0
Number of asset objects unloaded after import = 1
========================================================================
Received Import Request.
  Time since last request: 0.000069 seconds.
  path: Assets/HiRezSpaceshipsCreatorFree/Materials/Engines/Red/Engine1.mat
  artifactKey: Guid(956326301d5293a4ab942fa696bafb66) Importer(2089858483,0ecaa5967403d082aa24f35e1b516d23)
Start importing Assets/HiRezSpaceshipsCreatorFree/Materials/Engines/Red/Engine1.mat using Guid(956326301d5293a4ab942fa696bafb66) Importer(2089858483,0ecaa5967403d082aa24f35e1b516d23) Generated GUIDs only implemented for interfaces!
 -> (artifact id: 'd483b6ee2bd5b6d9883c9fb844e7c88d') in 0.079175 seconds
Number of updated asset objects reloaded before import = 0
Number of asset objects unloaded after import = 4
========================================================================
Received Import Request.
  Time since last request: 0.000031 seconds.
  path: Assets/HiRezSpaceshipsCreatorFree/Textures/MainBodies/MainBody13/MainBody13_Red.png
  artifactKey: Guid(eeef8fe454ce90f46930ad142548b9d0) Importer(2089858483,0ecaa5967403d082aa24f35e1b516d23)
Start importing Assets/HiRezSpaceshipsCreatorFree/Textures/MainBodies/MainBody13/MainBody13_Red.png using Guid(eeef8fe454ce90f46930ad142548b9d0) Importer(2089858483,0ecaa5967403d082aa24f35e1b516d23) Generated GUIDs only implemented for interfaces!
 -> (artifact id: '460b11d79d7e6fc631bc99620c1cd187') in 0.089868 seconds
Number of updated asset objects reloaded before import = 0
Number of asset objects unloaded after import = 1
========================================================================
Received Import Request.
  Time since last request: 0.000066 seconds.
  path: Assets/HiRezSpaceshipsCreatorFree/Prefabs/Examples/Example3_Red.prefab
  artifactKey: Guid(ded92bffdbffb794aa3304b5cf0497df) Importer(2089858483,0ecaa5967403d082aa24f35e1b516d23)
Start importing Assets/HiRezSpaceshipsCreatorFree/Prefabs/Examples/Example3_Red.prefab using Guid(ded92bffdbffb794aa3304b5cf0497df) Importer(2089858483,0ecaa5967403d082aa24f35e1b516d23) Generated GUIDs only implemented for interfaces!
 -> (artifact id: '431dd16781c195b1ec3dde328ff7529d') in 0.016399 seconds
Number of updated asset objects reloaded before import = 0
Number of asset objects unloaded after import = 415
========================================================================
Received Import Request.
  Time since last request: 0.000020 seconds.
  path: Assets/HiRezSpaceshipsCreatorFree/Materials/Weapons
  artifactKey: Guid(ede3f4ed954aa5e4496e2682c481f270) Importer(2089858483,0ecaa5967403d082aa24f35e1b516d23)
Start importing Assets/HiRezSpaceshipsCreatorFree/Materials/Weapons using Guid(ede3f4ed954aa5e4496e2682c481f270) Importer(2089858483,0ecaa5967403d082aa24f35e1b516d23) Generated GUIDs only implemented for interfaces!
 -> (artifact id: '03623020b587728d36a6b12ac7d9121a') in 0.006097 seconds
Number of updated asset objects reloaded before import = 0
Number of asset objects unloaded after import = 1
========================================================================
Received Import Request.
  Time since last request: 0.000021 seconds.
  path: Assets/HiRezSpaceshipsCreatorFree/Scenes/Modules.unity
  artifactKey: Guid(46ee21dbc327c594ea27e5780e49cdd9) Importer(2089858483,0ecaa5967403d082aa24f35e1b516d23)
Start importing Assets/HiRezSpaceshipsCreatorFree/Scenes/Modules.unity using Guid(46ee21dbc327c594ea27e5780e49cdd9) Importer(2089858483,0ecaa5967403d082aa24f35e1b516d23) Generated GUIDs only implemented for interfaces!
 -> (artifact id: '93085523eec947643a8d1f00526ef22d') in 0.005043 seconds
Number of updated asset objects reloaded before import = 0
Number of asset objects unloaded after import = 1
========================================================================
Received Import Request.
  Time since last request: 0.000050 seconds.
  path: Assets/HiRezSpaceshipsCreatorFree/Materials/Wings/Grey/Wing2.mat
  artifactKey: Guid(c20e71ad321ca904793f92092b159096) Importer(2089858483,0ecaa5967403d082aa24f35e1b516d23)
Start importing Assets/HiRezSpaceshipsCreatorFree/Materials/Wings/Grey/Wing2.mat using Guid(c20e71ad321ca904793f92092b159096) Importer(2089858483,0ecaa5967403d082aa24f35e1b516d23) Generated GUIDs only implemented for interfaces!
 -> (artifact id: 'a57d3726141628cdb9256a08c133ee7b') in 0.087745 seconds
Number of updated asset objects reloaded before import = 0
Number of asset objects unloaded after import = 4
========================================================================
Received Import Request.
  Time since last request: 0.014424 seconds.
  path: Assets/HiRezSpaceshipsCreatorFree/Materials
  artifactKey: Guid(30cbf0e6c7eafad4e82fa9fe9336a96b) Importer(2089858483,0ecaa5967403d082aa24f35e1b516d23)
Start importing Assets/HiRezSpaceshipsCreatorFree/Materials using Guid(30cbf0e6c7eafad4e82fa9fe9336a96b) Importer(2089858483,0ecaa5967403d082aa24f35e1b516d23) Generated GUIDs only implemented for interfaces!
 -> (artifact id: '0528020fdb54d333137e1370e7ec7937') in 0.009494 seconds
Number of updated asset objects reloaded before import = 0
Number of asset objects unloaded after import = 1
========================================================================
Received Import Request.
  Time since last request: 0.000025 seconds.
  path: Assets/HiRezSpaceshipsCreatorFree/Materials/Cockpits/Grey
  artifactKey: Guid(eeed1af418bcc7747be9fd36553d3b4e) Importer(2089858483,0ecaa5967403d082aa24f35e1b516d23)
Start importing Assets/HiRezSpaceshipsCreatorFree/Materials/Cockpits/Grey using Guid(eeed1af418bcc7747be9fd36553d3b4e) Importer(2089858483,0ecaa5967403d082aa24f35e1b516d23) Generated GUIDs only implemented for interfaces!
 -> (artifact id: '2b5eb5c1ed26475d15f69f929438d6af') in 0.018311 seconds
Number of updated asset objects reloaded before import = 0
Number of asset objects unloaded after import = 1
========================================================================
Received Import Request.
  Time since last request: 0.004359 seconds.
  path: Assets/HiRezSpaceshipsCreatorFree/Materials/Cockpits/Red
  artifactKey: Guid(bdcf7c1d9902f2444b9a72c74f3ce88d) Importer(2089858483,0ecaa5967403d082aa24f35e1b516d23)
Start importing Assets/HiRezSpaceshipsCreatorFree/Materials/Cockpits/Red using Guid(bdcf7c1d9902f2444b9a72c74f3ce88d) Importer(2089858483,0ecaa5967403d082aa24f35e1b516d23) Generated GUIDs only implemented for interfaces!
 -> (artifact id: '81ecee0ff3bddfe30a5e1b744fa8148c') in 0.021201 seconds
Number of updated asset objects reloaded before import = 0
Number of asset objects unloaded after import = 1
========================================================================
Received Import Request.
  Time since last request: 0.000164 seconds.
  path: Assets/HiRezSpaceshipsCreatorFree/Textures/MainBodies/MainBody2/Masks/MainBody2_Mask2.png
  artifactKey: Guid(5eb26ac268b3b0f4b86617fd8f497c27) Importer(2089858483,0ecaa5967403d082aa24f35e1b516d23)
Start importing Assets/HiRezSpaceshipsCreatorFree/Textures/MainBodies/MainBody2/Masks/MainBody2_Mask2.png using Guid(5eb26ac268b3b0f4b86617fd8f497c27) Importer(2089858483,0ecaa5967403d082aa24f35e1b516d23) Generated GUIDs only implemented for interfaces!
 -> (artifact id: '051d9e6b1a07c623e36ef0de4e858d41') in 0.087693 seconds
Number of updated asset objects reloaded before import = 0
Number of asset objects unloaded after import = 1
========================================================================
Received Import Request.
  Time since last request: 0.000726 seconds.
  path: Assets/HiRezSpaceshipsCreatorFree/Textures/Wings/Wing2/Wing2_Normal.png
  artifactKey: Guid(8deda322a957fa842bf015e43c81a298) Importer(2089858483,0ecaa5967403d082aa24f35e1b516d23)
Start importing Assets/HiRezSpaceshipsCreatorFree/Textures/Wings/Wing2/Wing2_Normal.png using Guid(8deda322a957fa842bf015e43c81a298) Importer(2089858483,0ecaa5967403d082aa24f35e1b516d23) Generated GUIDs only implemented for interfaces!
 -> (artifact id: '418cd0fe215353a6c5aee0d537c2e301') in 0.065490 seconds
Number of updated asset objects reloaded before import = 0
Number of asset objects unloaded after import = 1
========================================================================
Received Import Request.
  Time since last request: 0.000048 seconds.
  path: Assets/HiRezSpaceshipsCreatorFree/Textures/Cockpits/CockpitsEquipments/Masks
  artifactKey: Guid(5bb3f5e169e7b914996647cd6623085a) Importer(2089858483,0ecaa5967403d082aa24f35e1b516d23)
Start importing Assets/HiRezSpaceshipsCreatorFree/Textures/Cockpits/CockpitsEquipments/Masks using Guid(5bb3f5e169e7b914996647cd6623085a) Importer(2089858483,0ecaa5967403d082aa24f35e1b516d23) Generated GUIDs only implemented for interfaces!
 -> (artifact id: 'aac7597661968b010825303037b7c9ec') in 0.005360 seconds
Number of updated asset objects reloaded before import = 0
Number of asset objects unloaded after import = 1
========================================================================
Received Import Request.
  Time since last request: 0.000030 seconds.
  path: Assets/HiRezSpaceshipsCreatorFree/Textures/MainBodies/MainBody13/MainBody13_MetallicSmoothness.png
  artifactKey: Guid(9d7da096aebbcb54bb22fd6953e517fb) Importer(2089858483,0ecaa5967403d082aa24f35e1b516d23)
Start importing Assets/HiRezSpaceshipsCreatorFree/Textures/MainBodies/MainBody13/MainBody13_MetallicSmoothness.png using Guid(9d7da096aebbcb54bb22fd6953e517fb) Importer(2089858483,0ecaa5967403d082aa24f35e1b516d23) Generated GUIDs only implemented for interfaces!
 -> (artifact id: '191c46b3831c57088b191a3e71af04cf') in 0.054469 seconds
Number of updated asset objects reloaded before import = 0
Number of asset objects unloaded after import = 1
========================================================================
Received Import Request.
  Time since last request: 0.000075 seconds.
  path: Assets/HiRezSpaceshipsCreatorFree/Prefabs/ExamplesNoInterior/Example1NoInterior_Grey.prefab
  artifactKey: Guid(f18b0c4cd901e7b44a1ad0fc0c36e4e2) Importer(2089858483,0ecaa5967403d082aa24f35e1b516d23)
Start importing Assets/HiRezSpaceshipsCreatorFree/Prefabs/ExamplesNoInterior/Example1NoInterior_Grey.prefab using Guid(f18b0c4cd901e7b44a1ad0fc0c36e4e2) Importer(2089858483,0ecaa5967403d082aa24f35e1b516d23) Generated GUIDs only implemented for interfaces!
 -> (artifact id: 'b0c8215075aa2e722ba87a7de58a1238') in 0.011069 seconds
Number of updated asset objects reloaded before import = 0
Number of asset objects unloaded after import = 195
========================================================================
Received Import Request.
  Time since last request: 0.000021 seconds.
  path: Assets/HiRezSpaceshipsCreatorFree/Textures/Engines/Engine1/Engine1_Grey.png
  artifactKey: Guid(a8a686bc5dee7664f8d7019efe64e812) Importer(2089858483,0ecaa5967403d082aa24f35e1b516d23)
Start importing Assets/HiRezSpaceshipsCreatorFree/Textures/Engines/Engine1/Engine1_Grey.png using Guid(a8a686bc5dee7664f8d7019efe64e812) Importer(2089858483,0ecaa5967403d082aa24f35e1b516d23) Generated GUIDs only implemented for interfaces!
 -> (artifact id: '349ca6d34683eac975efbf485ea408b9') in 0.038355 seconds
Number of updated asset objects reloaded before import = 0
Number of asset objects unloaded after import = 1
========================================================================
Received Import Request.
  Time since last request: 0.000041 seconds.
  path: Assets/HiRezSpaceshipsCreatorFree/Materials/Engines/Grey/Engine1.mat
  artifactKey: Guid(31a707914d7d21a43a08fefa9be7e5a1) Importer(2089858483,0ecaa5967403d082aa24f35e1b516d23)
Start importing Assets/HiRezSpaceshipsCreatorFree/Materials/Engines/Grey/Engine1.mat using Guid(31a707914d7d21a43a08fefa9be7e5a1) Importer(2089858483,0ecaa5967403d082aa24f35e1b516d23) Generated GUIDs only implemented for interfaces!
 -> (artifact id: '9a2dc0174f681202f5131a7fb3f05aea') in 0.158003 seconds
Number of updated asset objects reloaded before import = 0
Number of asset objects unloaded after import = 4
========================================================================
Received Import Request.
  Time since last request: 0.000045 seconds.
  path: Assets/HiRezSpaceshipsCreatorFree/Textures/Weapons/BigLauncher/Masks/BigLauncher_Mask2.png
  artifactKey: Guid(871eee5da4c1daf438d0c7683533f271) Importer(2089858483,0ecaa5967403d082aa24f35e1b516d23)
Start importing Assets/HiRezSpaceshipsCreatorFree/Textures/Weapons/BigLauncher/Masks/BigLauncher_Mask2.png using Guid(871eee5da4c1daf438d0c7683533f271) Importer(2089858483,0ecaa5967403d082aa24f35e1b516d23) Generated GUIDs only implemented for interfaces!
 -> (artifact id: 'd7336bc77ea58a0deea3fcd29333f672') in 0.055173 seconds
Number of updated asset objects reloaded before import = 0
Number of asset objects unloaded after import = 1
========================================================================
Received Import Request.
  Time since last request: 0.000069 seconds.
  path: Assets/HiRezSpaceshipsCreatorFree/Prefabs/ExamplesNoInterior
  artifactKey: Guid(d68cc863fc562a049a4eed095f78824b) Importer(2089858483,0ecaa5967403d082aa24f35e1b516d23)
Start importing Assets/HiRezSpaceshipsCreatorFree/Prefabs/ExamplesNoInterior using Guid(d68cc863fc562a049a4eed095f78824b) Importer(2089858483,0ecaa5967403d082aa24f35e1b516d23) Generated GUIDs only implemented for interfaces!
 -> (artifact id: 'b4d66117053ad3c8081aea0bcfe3631e') in 0.004906 seconds
Number of updated asset objects reloaded before import = 0
Number of asset objects unloaded after import = 1
========================================================================
Received Import Request.
  Time since last request: 0.000023 seconds.
  path: Assets/HiRezSpaceshipsCreatorFree/Prefabs/Examples/Example1_Grey.prefab
  artifactKey: Guid(50d56e9319acd7440a97582160b01520) Importer(2089858483,0ecaa5967403d082aa24f35e1b516d23)
Start importing Assets/HiRezSpaceshipsCreatorFree/Prefabs/Examples/Example1_Grey.prefab using Guid(50d56e9319acd7440a97582160b01520) Importer(2089858483,0ecaa5967403d082aa24f35e1b516d23) Generated GUIDs only implemented for interfaces!
 -> (artifact id: '22140b78fd6481dd7a5b9a28bda8c9b7') in 0.012833 seconds
Number of updated asset objects reloaded before import = 0
Number of asset objects unloaded after import = 460
========================================================================
Received Import Request.
  Time since last request: 0.000020 seconds.
  path: Assets/HiRezSpaceshipsCreatorFree/Textures/Weapons/BigLauncher/Masks/BigLauncher_Mask1.png
  artifactKey: Guid(db1cbdfe8e6d70a4ba2a6673b8e0ebf1) Importer(2089858483,0ecaa5967403d082aa24f35e1b516d23)
Start importing Assets/HiRezSpaceshipsCreatorFree/Textures/Weapons/BigLauncher/Masks/BigLauncher_Mask1.png using Guid(db1cbdfe8e6d70a4ba2a6673b8e0ebf1) Importer(2089858483,0ecaa5967403d082aa24f35e1b516d23) Generated GUIDs only implemented for interfaces!
 -> (artifact id: '8ec2d1316f7f870bc8fb1a1763e3b70d') in 0.051784 seconds
Number of updated asset objects reloaded before import = 0
Number of asset objects unloaded after import = 1
========================================================================
Received Import Request.
  Time since last request: 0.000029 seconds.
  path: Assets/HiRezSpaceshipsCreatorFree/Textures/Engines
  artifactKey: Guid(58128ba87da8be64797f522735df48b7) Importer(2089858483,0ecaa5967403d082aa24f35e1b516d23)
Start importing Assets/HiRezSpaceshipsCreatorFree/Textures/Engines using Guid(58128ba87da8be64797f522735df48b7) Importer(2089858483,0ecaa5967403d082aa24f35e1b516d23) Generated GUIDs only implemented for interfaces!
 -> (artifact id: '0d0a419f5fdd7f71363102d6748f0448') in 0.005529 seconds
Number of updated asset objects reloaded before import = 0
Number of asset objects unloaded after import = 1
========================================================================
Received Import Request.
  Time since last request: 0.000088 seconds.
  path: Assets/HiRezSpaceshipsCreatorFree/Prefabs/ExamplesNoInterior/Example5_NoInteriorGrey.prefab
  artifactKey: Guid(6a085dcfc21e36f43b07862e9a4c35fd) Importer(2089858483,0ecaa5967403d082aa24f35e1b516d23)
Start importing Assets/HiRezSpaceshipsCreatorFree/Prefabs/ExamplesNoInterior/Example5_NoInteriorGrey.prefab using Guid(6a085dcfc21e36f43b07862e9a4c35fd) Importer(2089858483,0ecaa5967403d082aa24f35e1b516d23) Generated GUIDs only implemented for interfaces!
 -> (artifact id: '280f9bd58fe9c00760a52812f063085b') in 0.009407 seconds
Number of updated asset objects reloaded before import = 0
Number of asset objects unloaded after import = 238
========================================================================
Received Import Request.
  Time since last request: 0.000022 seconds.
  path: Assets/HiRezSpaceshipsCreatorFree/Textures/Weapons/BigLauncher/Masks
  artifactKey: Guid(e40af2b59976a2543af303d1a315f916) Importer(2089858483,0ecaa5967403d082aa24f35e1b516d23)
Start importing Assets/HiRezSpaceshipsCreatorFree/Textures/Weapons/BigLauncher/Masks using Guid(e40af2b59976a2543af303d1a315f916) Importer(2089858483,0ecaa5967403d082aa24f35e1b516d23) Generated GUIDs only implemented for interfaces!
 -> (artifact id: 'a54cd5e65d0e67aba63ab83a23bc5be2') in 0.004926 seconds
Number of updated asset objects reloaded before import = 0
Number of asset objects unloaded after import = 1
========================================================================
Received Import Request.
  Time since last request: 0.000062 seconds.
  path: Assets/HiRezSpaceshipsCreatorFree/Textures/Engines/Thrusters
  artifactKey: Guid(a67bc08cdc286b74e8419c5bf7334b1e) Importer(2089858483,0ecaa5967403d082aa24f35e1b516d23)
Start importing Assets/HiRezSpaceshipsCreatorFree/Textures/Engines/Thrusters using Guid(a67bc08cdc286b74e8419c5bf7334b1e) Importer(2089858483,0ecaa5967403d082aa24f35e1b516d23) Generated GUIDs only implemented for interfaces!
 -> (artifact id: 'ff8958cd9f8bb1f0e3ee14e6644ec1ff') in 0.027484 seconds
Number of updated asset objects reloaded before import = 0
Number of asset objects unloaded after import = 1
========================================================================
Received Import Request.
  Time since last request: 0.000060 seconds.
  path: Assets/HiRezSpaceshipsCreatorFree/Textures/Cockpits/Cockpit3/Masks/Cockpit3(interior)_Mask2.png
  artifactKey: Guid(6a1c2a9d80e2d0349a40fb3afb86a588) Importer(2089858483,0ecaa5967403d082aa24f35e1b516d23)
Start importing Assets/HiRezSpaceshipsCreatorFree/Textures/Cockpits/Cockpit3/Masks/Cockpit3(interior)_Mask2.png using Guid(6a1c2a9d80e2d0349a40fb3afb86a588) Importer(2089858483,0ecaa5967403d082aa24f35e1b516d23) Generated GUIDs only implemented for interfaces!
 -> (artifact id: '9089b90f22fcc94e8e9f30829023bc7f') in 0.067169 seconds
Number of updated asset objects reloaded before import = 0
Number of asset objects unloaded after import = 1
========================================================================
Received Import Request.
  Time since last request: 0.000034 seconds.
  path: Assets/HiRezSpaceshipsCreatorFree/Textures/Engines/Engine1
  artifactKey: Guid(e0056578316205743af76421789e1345) Importer(2089858483,0ecaa5967403d082aa24f35e1b516d23)
Start importing Assets/HiRezSpaceshipsCreatorFree/Textures/Engines/Engine1 using Guid(e0056578316205743af76421789e1345) Importer(2089858483,0ecaa5967403d082aa24f35e1b516d23) Generated GUIDs only implemented for interfaces!
 -> (artifact id: '345a13d07906c139ce4bad37c245a48c') in 0.004362 seconds
Number of updated asset objects reloaded before import = 0
Number of asset objects unloaded after import = 1
========================================================================
Received Import Request.
  Time since last request: 0.000034 seconds.
  path: Assets/HiRezSpaceshipsCreatorFree/Materials/Engines/Thrusters/Thrusters1.mat
  artifactKey: Guid(2029c1e0d197912438111bb29eaa9885) Importer(2089858483,0ecaa5967403d082aa24f35e1b516d23)
Start importing Assets/HiRezSpaceshipsCreatorFree/Materials/Engines/Thrusters/Thrusters1.mat using Guid(2029c1e0d197912438111bb29eaa9885) Importer(2089858483,0ecaa5967403d082aa24f35e1b516d23) Generated GUIDs only implemented for interfaces!
 -> (artifact id: 'c70fed6d8696bcbb132acd0448c6532c') in 0.131860 seconds
Number of updated asset objects reloaded before import = 0
Number of asset objects unloaded after import = 5
========================================================================
Received Import Request.
  Time since last request: 0.000020 seconds.
  path: Assets/HiRezSpaceshipsCreatorFree/Textures/Engines/Engine1/Engine1_Red.png
  artifactKey: Guid(ad0a3b43648aaea4a871045137f40cbe) Importer(2089858483,0ecaa5967403d082aa24f35e1b516d23)
Start importing Assets/HiRezSpaceshipsCreatorFree/Textures/Engines/Engine1/Engine1_Red.png using Guid(ad0a3b43648aaea4a871045137f40cbe) Importer(2089858483,0ecaa5967403d082aa24f35e1b516d23) Generated GUIDs only implemented for interfaces!
 -> (artifact id: '125d81be9d87e59aaafecc11796f6c4f') in 0.049117 seconds
Number of updated asset objects reloaded before import = 0
Number of asset objects unloaded after import = 1
========================================================================
Received Import Request.
  Time since last request: 0.000039 seconds.
  path: Assets/HiRezSpaceshipsCreatorFree/Materials/Cockpits/Red/Cockpit3Red_Glass.mat
  artifactKey: Guid(55fb9d2b73178064da1b364ca98598d4) Importer(2089858483,0ecaa5967403d082aa24f35e1b516d23)
Start importing Assets/HiRezSpaceshipsCreatorFree/Materials/Cockpits/Red/Cockpit3Red_Glass.mat using Guid(55fb9d2b73178064da1b364ca98598d4) Importer(2089858483,0ecaa5967403d082aa24f35e1b516d23) Generated GUIDs only implemented for interfaces!
 -> (artifact id: 'ec78dbddeb8ea2c7ed81ffea1d639a36') in 0.192508 seconds
Number of updated asset objects reloaded before import = 0
Number of asset objects unloaded after import = 4
========================================================================
Received Import Request.
  Time since last request: 0.007901 seconds.
  path: Assets/HiRezSpaceshipsCreatorFree/Textures/Cockpits/Cockpit3/Masks/Cockpit3_Neutral.png
  artifactKey: Guid(ab57406ae84cc654ab6bc7a5ee868691) Importer(2089858483,0ecaa5967403d082aa24f35e1b516d23)
Start importing Assets/HiRezSpaceshipsCreatorFree/Textures/Cockpits/Cockpit3/Masks/Cockpit3_Neutral.png using Guid(ab57406ae84cc654ab6bc7a5ee868691) Importer(2089858483,0ecaa5967403d082aa24f35e1b516d23) Generated GUIDs only implemented for interfaces!
 -> (artifact id: 'd59b25e6c5b387ac897d6fcc9708b4aa') in 0.049539 seconds
Number of updated asset objects reloaded before import = 0
Number of asset objects unloaded after import = 1
========================================================================
Received Import Request.
  Time since last request: 0.000053 seconds.
  path: Assets/HiRezSpaceshipsCreatorFree/Materials/SpaceBG.mat
  artifactKey: Guid(0c4101bd6783744468ff67c4fef53014) Importer(2089858483,0ecaa5967403d082aa24f35e1b516d23)
Start importing Assets/HiRezSpaceshipsCreatorFree/Materials/SpaceBG.mat using Guid(0c4101bd6783744468ff67c4fef53014) Importer(2089858483,0ecaa5967403d082aa24f35e1b516d23) Generated GUIDs only implemented for interfaces!
 -> (artifact id: '21be6f932962cb8cc31f087eedf7c06e') in 0.162095 seconds
Number of updated asset objects reloaded before import = 0
Number of asset objects unloaded after import = 2
========================================================================
Received Import Request.
  Time since last request: 0.000025 seconds.
  path: Assets/HiRezSpaceshipsCreatorFree/Textures/Engines/Engine1/Masks
  artifactKey: Guid(b099eee1863d9244d9b9a9cbfd339760) Importer(2089858483,0ecaa5967403d082aa24f35e1b516d23)
Start importing Assets/HiRezSpaceshipsCreatorFree/Textures/Engines/Engine1/Masks using Guid(b099eee1863d9244d9b9a9cbfd339760) Importer(2089858483,0ecaa5967403d082aa24f35e1b516d23) Generated GUIDs only implemented for interfaces!
 -> (artifact id: 'd3b6de893fbf4a61f542d9a783d2eb15') in 0.005170 seconds
Number of updated asset objects reloaded before import = 0
Number of asset objects unloaded after import = 1
========================================================================
Received Import Request.
  Time since last request: 0.000033 seconds.
  path: Assets/HiRezSpaceshipsCreatorFree/Textures/Wings/Wing2/Masks
  artifactKey: Guid(bdfe43f921c513d459a2a8c7deb3a757) Importer(2089858483,0ecaa5967403d082aa24f35e1b516d23)
Start importing Assets/HiRezSpaceshipsCreatorFree/Textures/Wings/Wing2/Masks using Guid(bdfe43f921c513d459a2a8c7deb3a757) Importer(2089858483,0ecaa5967403d082aa24f35e1b516d23) Generated GUIDs only implemented for interfaces!
 -> (artifact id: 'bd4c8aca96027f780148ce9566b0e2ea') in 0.016889 seconds
Number of updated asset objects reloaded before import = 0
Number of asset objects unloaded after import = 1
========================================================================
Received Import Request.
  Time since last request: 0.000083 seconds.
  path: Assets/HiRezSpaceshipsCreatorFree
  artifactKey: Guid(09f2e1c0c404c3949bc00cf155f002b8) Importer(2089858483,0ecaa5967403d082aa24f35e1b516d23)
Start importing Assets/HiRezSpaceshipsCreatorFree using Guid(09f2e1c0c404c3949bc00cf155f002b8) Importer(2089858483,0ecaa5967403d082aa24f35e1b516d23) Generated GUIDs only implemented for interfaces!
 -> (artifact id: '07c52ff2a641c2313159dedcfb2ff88e') in 0.005290 seconds
Number of updated asset objects reloaded before import = 0
Number of asset objects unloaded after import = 1
========================================================================
Received Import Request.
  Time since last request: 0.000050 seconds.
  path: Assets/HiRezSpaceshipsCreatorFree/Textures/Weapons/Blaster/Masks/Blaster_Neutral.png
  artifactKey: Guid(9c0b3284c094e9941a652ea28f317c0b) Importer(2089858483,0ecaa5967403d082aa24f35e1b516d23)
Start importing Assets/HiRezSpaceshipsCreatorFree/Textures/Weapons/Blaster/Masks/Blaster_Neutral.png using Guid(9c0b3284c094e9941a652ea28f317c0b) Importer(2089858483,0ecaa5967403d082aa24f35e1b516d23) Generated GUIDs only implemented for interfaces!
 -> (artifact id: '3aa59041dbf12763b1e9741d0be40b00') in 0.049079 seconds
Number of updated asset objects reloaded before import = 0
Number of asset objects unloaded after import = 1
========================================================================
Received Import Request.
  Time since last request: 0.000026 seconds.
  path: Assets/HiRezSpaceshipsCreatorFree/SRP
  artifactKey: Guid(a746c21b63b13fe43833ebd23fc64a91) Importer(2089858483,0ecaa5967403d082aa24f35e1b516d23)
Start importing Assets/HiRezSpaceshipsCreatorFree/SRP using Guid(a746c21b63b13fe43833ebd23fc64a91) Importer(2089858483,0ecaa5967403d082aa24f35e1b516d23) Generated GUIDs only implemented for interfaces!
 -> (artifact id: '47928f257c4d73bf046d53624edf7e98') in 0.005969 seconds
Number of updated asset objects reloaded before import = 0
Number of asset objects unloaded after import = 1
========================================================================
Received Import Request.
  Time since last request: 0.000063 seconds.
  path: Assets/HiRezSpaceshipsCreatorFree/Textures/Weapons/Blaster/Blaster_Albedo.png
  artifactKey: Guid(5abdc5a14e6822a438beed0aa6ee8a15) Importer(2089858483,0ecaa5967403d082aa24f35e1b516d23)
Start importing Assets/HiRezSpaceshipsCreatorFree/Textures/Weapons/Blaster/Blaster_Albedo.png using Guid(5abdc5a14e6822a438beed0aa6ee8a15) Importer(2089858483,0ecaa5967403d082aa24f35e1b516d23) Generated GUIDs only implemented for interfaces!
 -> (artifact id: 'df154865c9e9d442adfd5573761c6817') in 0.059554 seconds
Number of updated asset objects reloaded before import = 0
Number of asset objects unloaded after import = 1
========================================================================
Received Import Request.
  Time since last request: 0.000024 seconds.
  path: Assets/HiRezSpaceshipsCreatorFree/Materials/Wings
  artifactKey: Guid(268e7a2e2d0e9cc4fa8a3678eee24437) Importer(2089858483,0ecaa5967403d082aa24f35e1b516d23)
Start importing Assets/HiRezSpaceshipsCreatorFree/Materials/Wings using Guid(268e7a2e2d0e9cc4fa8a3678eee24437) Importer(2089858483,0ecaa5967403d082aa24f35e1b516d23) Generated GUIDs only implemented for interfaces!
 -> (artifact id: 'be1c9d82b6760c1d3ede75f906cbc7f8') in 0.004989 seconds
Number of updated asset objects reloaded before import = 0
Number of asset objects unloaded after import = 1
========================================================================
Received Import Request.
  Time since last request: 0.000079 seconds.
  path: Assets/HiRezSpaceshipsCreatorFree/Prefabs/Modules/Wing2.prefab
  artifactKey: Guid(ebec0dbd42c377149abd20c9507cb70f) Importer(2089858483,0ecaa5967403d082aa24f35e1b516d23)
Start importing Assets/HiRezSpaceshipsCreatorFree/Prefabs/Modules/Wing2.prefab using Guid(ebec0dbd42c377149abd20c9507cb70f) Importer(2089858483,0ecaa5967403d082aa24f35e1b516d23) Generated GUIDs only implemented for interfaces!
 -> (artifact id: '4f1a48af0434f97847ee1395a44e617a') in 0.009242 seconds
Number of updated asset objects reloaded before import = 0
Number of asset objects unloaded after import = 12
========================================================================
Received Import Request.
  Time since last request: 0.000020 seconds.
  path: Assets/HiRezSpaceshipsCreatorFree/Materials/MainBodies/Grey/MainBody2.mat
  artifactKey: Guid(803ac2029c21fb14d85e6872c448d499) Importer(2089858483,0ecaa5967403d082aa24f35e1b516d23)
Start importing Assets/HiRezSpaceshipsCreatorFree/Materials/MainBodies/Grey/MainBody2.mat using Guid(803ac2029c21fb14d85e6872c448d499) Importer(2089858483,0ecaa5967403d082aa24f35e1b516d23) Generated GUIDs only implemented for interfaces!
 -> (artifact id: '4622d3274d636316dea31c196935fd24') in 0.087205 seconds
Number of updated asset objects reloaded before import = 0
Number of asset objects unloaded after import = 4
========================================================================
Received Import Request.
  Time since last request: 0.000017 seconds.
  path: Assets/HiRezSpaceshipsCreatorFree/Prefabs/Modules/Engine1.prefab
  artifactKey: Guid(46b44d60b1f0369449bf47d8ef9e2fc3) Importer(2089858483,0ecaa5967403d082aa24f35e1b516d23)
Start importing Assets/HiRezSpaceshipsCreatorFree/Prefabs/Modules/Engine1.prefab using Guid(46b44d60b1f0369449bf47d8ef9e2fc3) Importer(2089858483,0ecaa5967403d082aa24f35e1b516d23) Generated GUIDs only implemented for interfaces!
 -> (artifact id: '73a8249c6171aa0fa61dfa9545077b92') in 0.010417 seconds
Number of updated asset objects reloaded before import = 0
Number of asset objects unloaded after import = 17
========================================================================
Received Import Request.
  Time since last request: 0.000040 seconds.
  path: Assets/HiRezSpaceshipsCreatorFree/Textures/MainBodies/MainBody2
  artifactKey: Guid(51b0b8aae6f2e1744894306d8d8b5e9c) Importer(2089858483,0ecaa5967403d082aa24f35e1b516d23)
Start importing Assets/HiRezSpaceshipsCreatorFree/Textures/MainBodies/MainBody2 using Guid(51b0b8aae6f2e1744894306d8d8b5e9c) Importer(2089858483,0ecaa5967403d082aa24f35e1b516d23) Generated GUIDs only implemented for interfaces!
 -> (artifact id: 'ec4ebaa5e40f0233a34cfe263705d683') in 0.012760 seconds
Number of updated asset objects reloaded before import = 0
Number of asset objects unloaded after import = 1
========================================================================
Received Import Request.
  Time since last request: 0.000122 seconds.
  path: Assets/HiRezSpaceshipsCreatorFree/Materials/Cockpits/Red/Cockpit3Red_interior.mat
  artifactKey: Guid(844befb7bb5f4c146ac18156396a792f) Importer(2089858483,0ecaa5967403d082aa24f35e1b516d23)
Start importing Assets/HiRezSpaceshipsCreatorFree/Materials/Cockpits/Red/Cockpit3Red_interior.mat using Guid(844befb7bb5f4c146ac18156396a792f) Importer(2089858483,0ecaa5967403d082aa24f35e1b516d23) Generated GUIDs only implemented for interfaces!
 -> (artifact id: 'e7032f2542bda5cacf81753921769861') in 0.102343 seconds
Number of updated asset objects reloaded before import = 0
Number of asset objects unloaded after import = 4
========================================================================
Received Import Request.
  Time since last request: 0.000023 seconds.
  path: Assets/HiRezSpaceshipsCreatorFree/Textures/Wings/Wing6/Masks/Wing6_Mask2.png
  artifactKey: Guid(0141429d06f93a341a89f1810ceca884) Importer(2089858483,0ecaa5967403d082aa24f35e1b516d23)
Start importing Assets/HiRezSpaceshipsCreatorFree/Textures/Wings/Wing6/Masks/Wing6_Mask2.png using Guid(0141429d06f93a341a89f1810ceca884) Importer(2089858483,0ecaa5967403d082aa24f35e1b516d23) Generated GUIDs only implemented for interfaces!
 -> (artifact id: 'ddc1d5410250f0d9329c2b04022dd160') in 0.088917 seconds
Number of updated asset objects reloaded before import = 0
Number of asset objects unloaded after import = 1
========================================================================
Received Import Request.
  Time since last request: 0.000064 seconds.
  path: Assets/HiRezSpaceshipsCreatorFree/Textures/Cockpits/Cockpit3/Masks/Cockpit3(interior)_Neutral.png
  artifactKey: Guid(fe03dd68c7785d84ab5093c672cabdc3) Importer(2089858483,0ecaa5967403d082aa24f35e1b516d23)
Start importing Assets/HiRezSpaceshipsCreatorFree/Textures/Cockpits/Cockpit3/Masks/Cockpit3(interior)_Neutral.png using Guid(fe03dd68c7785d84ab5093c672cabdc3) Importer(2089858483,0ecaa5967403d082aa24f35e1b516d23) Generated GUIDs only implemented for interfaces!
 -> (artifact id: 'd7fb77a4d46a16c0fdae74798add49a6') in 0.037166 seconds
Number of updated asset objects reloaded before import = 0
Number of asset objects unloaded after import = 1
========================================================================
Received Import Request.
  Time since last request: 0.000033 seconds.
  path: Assets/HiRezSpaceshipsCreatorFree/Textures/MainBodies/MainBody2/Masks/MainBody2_Mask1.png
  artifactKey: Guid(fbbd01bf9e450714587755c1a9d2b030) Importer(2089858483,0ecaa5967403d082aa24f35e1b516d23)
Start importing Assets/HiRezSpaceshipsCreatorFree/Textures/MainBodies/MainBody2/Masks/MainBody2_Mask1.png using Guid(fbbd01bf9e450714587755c1a9d2b030) Importer(2089858483,0ecaa5967403d082aa24f35e1b516d23) Generated GUIDs only implemented for interfaces!
 -> (artifact id: '3652097d6bbc40af928f1c4be262f1fe') in 0.071721 seconds
Number of updated asset objects reloaded before import = 0
Number of asset objects unloaded after import = 1
========================================================================
Received Import Request.
  Time since last request: 0.000019 seconds.
  path: Assets/HiRezSpaceshipsCreatorFree/Textures/Cockpits/CockpitsEquipments/Masks/CockpitsEquipments_Mask2.png
  artifactKey: Guid(449cd94dd3780f8459b1d619676a4b0a) Importer(2089858483,0ecaa5967403d082aa24f35e1b516d23)
Start importing Assets/HiRezSpaceshipsCreatorFree/Textures/Cockpits/CockpitsEquipments/Masks/CockpitsEquipments_Mask2.png using Guid(449cd94dd3780f8459b1d619676a4b0a) Importer(2089858483,0ecaa5967403d082aa24f35e1b516d23) Generated GUIDs only implemented for interfaces!
 -> (artifact id: '187c7baef4d8503e68a6ec37f6506bb6') in 0.038754 seconds
Number of updated asset objects reloaded before import = 0
Number of asset objects unloaded after import = 1
========================================================================
Received Import Request.
  Time since last request: 0.000063 seconds.
  path: Assets/HiRezSpaceshipsCreatorFree/Textures/Wings/Wing6/Masks/Wing6_Neutral.png
  artifactKey: Guid(d01515be274f09141a0e82ef05ff801c) Importer(2089858483,0ecaa5967403d082aa24f35e1b516d23)
Start importing Assets/HiRezSpaceshipsCreatorFree/Textures/Wings/Wing6/Masks/Wing6_Neutral.png using Guid(d01515be274f09141a0e82ef05ff801c) Importer(2089858483,0ecaa5967403d082aa24f35e1b516d23) Generated GUIDs only implemented for interfaces!
 -> (artifact id: 'd7bc6382d1a9a67ac864563c5ce09ec3') in 0.053418 seconds
Number of updated asset objects reloaded before import = 0
Number of asset objects unloaded after import = 1
========================================================================
Received Import Request.
  Time since last request: 0.000025 seconds.
  path: Assets/HiRezSpaceshipsCreatorFree/Textures/MainBodies/MainBody13/Masks
  artifactKey: Guid(a3533ad31909ce64d9a14ceddbf49ff3) Importer(2089858483,0ecaa5967403d082aa24f35e1b516d23)
Start importing Assets/HiRezSpaceshipsCreatorFree/Textures/MainBodies/MainBody13/Masks using Guid(a3533ad31909ce64d9a14ceddbf49ff3) Importer(2089858483,0ecaa5967403d082aa24f35e1b516d23) Generated GUIDs only implemented for interfaces!
 -> (artifact id: '011fba5b819831cc90b6f383d19ead90') in 0.008969 seconds
Number of updated asset objects reloaded before import = 0
Number of asset objects unloaded after import = 1
========================================================================
Received Import Request.
  Time since last request: 0.000088 seconds.
  path: Assets/HiRezSpaceshipsCreatorFree/Textures/MainBodies/MainBody2/MainBody2_MetallicSmoothness.png
  artifactKey: Guid(f33bc51cdd822d24ba4d31ac7b5f1824) Importer(2089858483,0ecaa5967403d082aa24f35e1b516d23)
Start importing Assets/HiRezSpaceshipsCreatorFree/Textures/MainBodies/MainBody2/MainBody2_MetallicSmoothness.png using Guid(f33bc51cdd822d24ba4d31ac7b5f1824) Importer(2089858483,0ecaa5967403d082aa24f35e1b516d23) Generated GUIDs only implemented for interfaces!
 -> (artifact id: 'ff49e284d541e0e2bc9854c8206f178a') in 0.046804 seconds
Number of updated asset objects reloaded before import = 0
Number of asset objects unloaded after import = 1
========================================================================
Received Import Request.
  Time since last request: 0.000025 seconds.
  path: Assets/HiRezSpaceshipsCreatorFree/Materials/Engines
  artifactKey: Guid(ed22f079e5d645a46983e7cc87db219b) Importer(2089858483,0ecaa5967403d082aa24f35e1b516d23)
Start importing Assets/HiRezSpaceshipsCreatorFree/Materials/Engines using Guid(ed22f079e5d645a46983e7cc87db219b) Importer(2089858483,0ecaa5967403d082aa24f35e1b516d23) Generated GUIDs only implemented for interfaces!
 -> (artifact id: 'b799d55bab4a9d83b5c5f5caf952cceb') in 0.005234 seconds
Number of updated asset objects reloaded before import = 0
Number of asset objects unloaded after import = 1
========================================================================
Received Import Request.
  Time since last request: 0.000051 seconds.
  path: Assets/HiRezSpaceshipsCreatorFree/Textures/Cockpits/Cockpit3/Cockpit3(interior)_MetallicSmoothness.png
  artifactKey: Guid(db10fca0d9dc1d346bfe198c043a57d0) Importer(2089858483,0ecaa5967403d082aa24f35e1b516d23)
Start importing Assets/HiRezSpaceshipsCreatorFree/Textures/Cockpits/Cockpit3/Cockpit3(interior)_MetallicSmoothness.png using Guid(db10fca0d9dc1d346bfe198c043a57d0) Importer(2089858483,0ecaa5967403d082aa24f35e1b516d23) Generated GUIDs only implemented for interfaces!
 -> (artifact id: 'a77f09f51a7c3108c8dfc83e17c727e1') in 0.074098 seconds
Number of updated asset objects reloaded before import = 0
Number of asset objects unloaded after import = 1
========================================================================
Received Import Request.
  Time since last request: 0.000036 seconds.
  path: Assets/HiRezSpaceshipsCreatorFree/Textures/MainBodies/MainBody13/MainBody13_Grey.png
  artifactKey: Guid(fc28da0a17173d34b9e0495db813edff) Importer(2089858483,0ecaa5967403d082aa24f35e1b516d23)
Start importing Assets/HiRezSpaceshipsCreatorFree/Textures/MainBodies/MainBody13/MainBody13_Grey.png using Guid(fc28da0a17173d34b9e0495db813edff) Importer(2089858483,0ecaa5967403d082aa24f35e1b516d23) Generated GUIDs only implemented for interfaces!
 -> (artifact id: '21392d23314659a2809827f00b7df5ff') in 0.066464 seconds
Number of updated asset objects reloaded before import = 0
Number of asset objects unloaded after import = 1
========================================================================
Received Import Request.
  Time since last request: 0.000827 seconds.
  path: Assets/HiRezSpaceshipsCreatorFree/Textures/Wings/Wing2/Masks/Wing2_Mask1.png
  artifactKey: Guid(d268374f5e920924fbe20a478e7be794) Importer(2089858483,0ecaa5967403d082aa24f35e1b516d23)
Start importing Assets/HiRezSpaceshipsCreatorFree/Textures/Wings/Wing2/Masks/Wing2_Mask1.png using Guid(d268374f5e920924fbe20a478e7be794) Importer(2089858483,0ecaa5967403d082aa24f35e1b516d23) Generated GUIDs only implemented for interfaces!
 -> (artifact id: '661156e9a84661941868c593ce007f38') in 0.064676 seconds
Number of updated asset objects reloaded before import = 0
Number of asset objects unloaded after import = 1
========================================================================
Received Import Request.
  Time since last request: 0.000046 seconds.
  path: Assets/HiRezSpaceshipsCreatorFree/Textures/Weapons/BigLauncher/BigLauncher_Albedo.png
  artifactKey: Guid(a1eb59d3fd756b24a9ae3df026bc30cc) Importer(2089858483,0ecaa5967403d082aa24f35e1b516d23)
Start importing Assets/HiRezSpaceshipsCreatorFree/Textures/Weapons/BigLauncher/BigLauncher_Albedo.png using Guid(a1eb59d3fd756b24a9ae3df026bc30cc) Importer(2089858483,0ecaa5967403d082aa24f35e1b516d23) Generated GUIDs only implemented for interfaces!
 -> (artifact id: '3963646ce00d50e7cc27ef6b7eab724b') in 0.048682 seconds
Number of updated asset objects reloaded before import = 0
Number of asset objects unloaded after import = 1
========================================================================
Received Import Request.
  Time since last request: 0.000022 seconds.
  path: Assets/HiRezSpaceshipsCreatorFree/Textures/Weapons/Blaster
  artifactKey: Guid(a661f72998c5116419b846d5b66081f8) Importer(2089858483,0ecaa5967403d082aa24f35e1b516d23)
Start importing Assets/HiRezSpaceshipsCreatorFree/Textures/Weapons/Blaster using Guid(a661f72998c5116419b846d5b66081f8) Importer(2089858483,0ecaa5967403d082aa24f35e1b516d23) Generated GUIDs only implemented for interfaces!
 -> (artifact id: '01d1adf35c782a649255b544cbd1e243') in 0.004035 seconds
Number of updated asset objects reloaded before import = 0
Number of asset objects unloaded after import = 1
========================================================================
Received Import Request.
  Time since last request: 0.000095 seconds.
  path: Assets/HiRezSpaceshipsCreatorFree/Textures/MainBodies/MainBody2/Masks/MainBody2_Neutral.png
  artifactKey: Guid(9b9f550889d540d4aa3953db001cc91f) Importer(2089858483,0ecaa5967403d082aa24f35e1b516d23)
Start importing Assets/HiRezSpaceshipsCreatorFree/Textures/MainBodies/MainBody2/Masks/MainBody2_Neutral.png using Guid(9b9f550889d540d4aa3953db001cc91f) Importer(2089858483,0ecaa5967403d082aa24f35e1b516d23) Generated GUIDs only implemented for interfaces!
 -> (artifact id: '13a9a21969b90463fce115a25bd96804') in 0.052149 seconds
Number of updated asset objects reloaded before import = 0
Number of asset objects unloaded after import = 1
========================================================================
Received Import Request.
  Time since last request: 0.000023 seconds.
  path: Assets/HiRezSpaceshipsCreatorFree/Textures/Weapons/BigLauncher/Masks/BigLauncher_Neutral.png
  artifactKey: Guid(35a08787c2c6f6b4b88cde4dd6556f3c) Importer(2089858483,0ecaa5967403d082aa24f35e1b516d23)
Start importing Assets/HiRezSpaceshipsCreatorFree/Textures/Weapons/BigLauncher/Masks/BigLauncher_Neutral.png using Guid(35a08787c2c6f6b4b88cde4dd6556f3c) Importer(2089858483,0ecaa5967403d082aa24f35e1b516d23) Generated GUIDs only implemented for interfaces!
 -> (artifact id: '07e2d3685a00f6da8e4e6d51e6aa8b23') in 0.077291 seconds
Number of updated asset objects reloaded before import = 0
Number of asset objects unloaded after import = 1
========================================================================
Received Import Request.
  Time since last request: 0.000071 seconds.
  path: Assets/HiRezSpaceshipsCreatorFree/SRP/HDRP_Upgrade.unitypackage
  artifactKey: Guid(84c9891751a162d4b84925eb5a8488a9) Importer(2089858483,0ecaa5967403d082aa24f35e1b516d23)
Start importing Assets/HiRezSpaceshipsCreatorFree/SRP/HDRP_Upgrade.unitypackage using Guid(84c9891751a162d4b84925eb5a8488a9) Importer(2089858483,0ecaa5967403d082aa24f35e1b516d23) Generated GUIDs only implemented for interfaces!
 -> (artifact id: 'bb0b0806fc4696b30aa34e1b709e5ef1') in 0.004775 seconds
Number of updated asset objects reloaded before import = 0
Number of asset objects unloaded after import = 1
========================================================================
Received Import Request.
  Time since last request: 0.000049 seconds.
  path: Assets/HiRezSpaceshipsCreatorFree/Materials/Cockpits
  artifactKey: Guid(3a588a2f37bb25c42b76669aecde4b05) Importer(2089858483,0ecaa5967403d082aa24f35e1b516d23)
Start importing Assets/HiRezSpaceshipsCreatorFree/Materials/Cockpits using Guid(3a588a2f37bb25c42b76669aecde4b05) Importer(2089858483,0ecaa5967403d082aa24f35e1b516d23) Generated GUIDs only implemented for interfaces!
 -> (artifact id: '8594330f0e46f806d12bdee7045bc091') in 0.004626 seconds
Number of updated asset objects reloaded before import = 0
Number of asset objects unloaded after import = 1
========================================================================
Received Import Request.
  Time since last request: 0.000022 seconds.
  path: Assets/HiRezSpaceshipsCreatorFree/Textures/Engines/Thrusters/Thrusters_MetallicSmoothness.png
  artifactKey: Guid(d3b7b7cf6694c694dbe7450650201a1a) Importer(2089858483,0ecaa5967403d082aa24f35e1b516d23)
Start importing Assets/HiRezSpaceshipsCreatorFree/Textures/Engines/Thrusters/Thrusters_MetallicSmoothness.png using Guid(d3b7b7cf6694c694dbe7450650201a1a) Importer(2089858483,0ecaa5967403d082aa24f35e1b516d23) Generated GUIDs only implemented for interfaces!
 -> (artifact id: '3db7fba4884ee78f43134a97977494f2') in 0.071122 seconds
Number of updated asset objects reloaded before import = 0
Number of asset objects unloaded after import = 1
========================================================================
Received Import Request.
  Time since last request: 0.000531 seconds.
  path: Assets/HiRezSpaceshipsCreatorFree/Textures/Wings/Wing2/Wing2_Red.png
  artifactKey: Guid(f0bbb833eae063f43b51e02429f4beb1) Importer(2089858483,0ecaa5967403d082aa24f35e1b516d23)
Start importing Assets/HiRezSpaceshipsCreatorFree/Textures/Wings/Wing2/Wing2_Red.png using Guid(f0bbb833eae063f43b51e02429f4beb1) Importer(2089858483,0ecaa5967403d082aa24f35e1b516d23) Generated GUIDs only implemented for interfaces!
 -> (artifact id: '4493c41b36c9e5f2cbc92cbc9f216be2') in 0.060189 seconds
Number of updated asset objects reloaded before import = 0
Number of asset objects unloaded after import = 1
========================================================================
Received Import Request.
  Time since last request: 0.000051 seconds.
  path: Assets/HiRezSpaceshipsCreatorFree/Materials/Wings/Red
  artifactKey: Guid(ef3be1de008f0754a89655176a0d6238) Importer(2089858483,0ecaa5967403d082aa24f35e1b516d23)
Start importing Assets/HiRezSpaceshipsCreatorFree/Materials/Wings/Red using Guid(ef3be1de008f0754a89655176a0d6238) Importer(2089858483,0ecaa5967403d082aa24f35e1b516d23) Generated GUIDs only implemented for interfaces!
 -> (artifact id: '108d7ffbdf94684d0f1df5a5146b7cc9') in 0.004626 seconds
Number of updated asset objects reloaded before import = 0
Number of asset objects unloaded after import = 1
========================================================================
Received Import Request.
  Time since last request: 0.000075 seconds.
  path: Assets/HiRezSpaceshipsCreatorFree/Textures/Wings/Wing6/Masks/Wing6_Mask1.png
  artifactKey: Guid(86c2fa9754ea64149a21042213d103bd) Importer(2089858483,0ecaa5967403d082aa24f35e1b516d23)
Start importing Assets/HiRezSpaceshipsCreatorFree/Textures/Wings/Wing6/Masks/Wing6_Mask1.png using Guid(86c2fa9754ea64149a21042213d103bd) Importer(2089858483,0ecaa5967403d082aa24f35e1b516d23) Generated GUIDs only implemented for interfaces!
 -> (artifact id: 'eb16519d7611d745ffaf390b883b4246') in 0.039637 seconds
Number of updated asset objects reloaded before import = 0
Number of asset objects unloaded after import = 1
========================================================================
Received Import Request.
  Time since last request: 0.000039 seconds.
  path: Assets/HiRezSpaceshipsCreatorFree/Textures/Weapons/Blaster/Blaster_Normal.png
  artifactKey: Guid(f7f3fd3d7858c9b4ebcdb333e7370d32) Importer(2089858483,0ecaa5967403d082aa24f35e1b516d23)
Start importing Assets/HiRezSpaceshipsCreatorFree/Textures/Weapons/Blaster/Blaster_Normal.png using Guid(f7f3fd3d7858c9b4ebcdb333e7370d32) Importer(2089858483,0ecaa5967403d082aa24f35e1b516d23) Generated GUIDs only implemented for interfaces!
 -> (artifact id: 'bac763b960c2024acff5fca5db6084ce') in 0.045385 seconds
Number of updated asset objects reloaded before import = 0
Number of asset objects unloaded after import = 1
========================================================================
Received Import Request.
  Time since last request: 0.000025 seconds.
  path: Assets/HiRezSpaceshipsCreatorFree/Scenes/LightingSettings.lighting
  artifactKey: Guid(dbba59eeb12705e4a8b677fd4d93ca90) Importer(2089858483,0ecaa5967403d082aa24f35e1b516d23)
Start importing Assets/HiRezSpaceshipsCreatorFree/Scenes/LightingSettings.lighting using Guid(dbba59eeb12705e4a8b677fd4d93ca90) Importer(2089858483,0ecaa5967403d082aa24f35e1b516d23) Generated GUIDs only implemented for interfaces!
 -> (artifact id: '19dc0e443f65b1bf708bdc9ae102d9e6') in 0.020526 seconds
Number of updated asset objects reloaded before import = 0
Number of asset objects unloaded after import = 1
========================================================================
Received Import Request.
  Time since last request: 0.000017 seconds.
  path: Assets/HiRezSpaceshipsCreatorFree/Meshes
  artifactKey: Guid(896d343cee4393f43a0adbb9bd225e4b) Importer(2089858483,0ecaa5967403d082aa24f35e1b516d23)
Start importing Assets/HiRezSpaceshipsCreatorFree/Meshes using Guid(896d343cee4393f43a0adbb9bd225e4b) Importer(2089858483,0ecaa5967403d082aa24f35e1b516d23) Generated GUIDs only implemented for interfaces!
 -> (artifact id: '3bea249fecd283d89e9c4d4b76fe3bcf') in 0.004364 seconds
Number of updated asset objects reloaded before import = 0
Number of asset objects unloaded after import = 1
========================================================================
Received Import Request.
  Time since last request: 0.000056 seconds.
  path: Assets/HiRezSpaceshipsCreatorFree/Textures/Cockpits/Cockpit3/Cockpit3(interior)_Red.png
  artifactKey: Guid(2f630998afa79c84ca282ad514eed3d5) Importer(2089858483,0ecaa5967403d082aa24f35e1b516d23)
Start importing Assets/HiRezSpaceshipsCreatorFree/Textures/Cockpits/Cockpit3/Cockpit3(interior)_Red.png using Guid(2f630998afa79c84ca282ad514eed3d5) Importer(2089858483,0ecaa5967403d082aa24f35e1b516d23) Generated GUIDs only implemented for interfaces!
 -> (artifact id: '1e093b0a4b97b68c92c413c5bbb9e064') in 0.053994 seconds
Number of updated asset objects reloaded before import = 0
Number of asset objects unloaded after import = 1
========================================================================
Received Import Request.
  Time since last request: 0.000056 seconds.
  path: Assets/HiRezSpaceshipsCreatorFree/Prefabs/Examples/Example2_Grey.prefab
  artifactKey: Guid(4ab2fc4928ff37746b26b549008cd60d) Importer(2089858483,0ecaa5967403d082aa24f35e1b516d23)
Start importing Assets/HiRezSpaceshipsCreatorFree/Prefabs/Examples/Example2_Grey.prefab using Guid(4ab2fc4928ff37746b26b549008cd60d) Importer(2089858483,0ecaa5967403d082aa24f35e1b516d23) Generated GUIDs only implemented for interfaces!
 -> (artifact id: 'cddc52b92ec89582a60bb889888b431f') in 0.015973 seconds
Number of updated asset objects reloaded before import = 0
Number of asset objects unloaded after import = 491
========================================================================
Received Import Request.
  Time since last request: 0.000022 seconds.
  path: Assets/HiRezSpaceshipsCreatorFree/Materials/Cockpits/CockpitEquipments
  artifactKey: Guid(343109ab3a2d0e24f913fc15d90c8635) Importer(2089858483,0ecaa5967403d082aa24f35e1b516d23)
Start importing Assets/HiRezSpaceshipsCreatorFree/Materials/Cockpits/CockpitEquipments using Guid(343109ab3a2d0e24f913fc15d90c8635) Importer(2089858483,0ecaa5967403d082aa24f35e1b516d23) Generated GUIDs only implemented for interfaces!
 -> (artifact id: '86ee8a1008b55be2b66d65441dbaef36') in 0.005476 seconds
Number of updated asset objects reloaded before import = 0
Number of asset objects unloaded after import = 1
========================================================================
Received Import Request.
  Time since last request: 23.695148 seconds.
  path: Assets/HiRezSpaceshipsCreatorFree/Prefabs/Modules/Cockpit3_WithInterior.prefab
  artifactKey: Guid(54e1b562c3fea284f8a0ec8cdc70057c) Importer(815301076,1909f56bfc062723c751e8b465ee728b)
Start importing Assets/HiRezSpaceshipsCreatorFree/Prefabs/Modules/Cockpit3_WithInterior.prefab using Guid(54e1b562c3fea284f8a0ec8cdc70057c) Importer(815301076,1909f56bfc062723c751e8b465ee728b)  -> (artifact id: '10918588793d2cae530f2b84f409d0db') in 1.481083 seconds
Number of updated asset objects reloaded before import = 0
Number of asset objects unloaded after import = 297
========================================================================
Received Import Request.
  Time since last request: 3.218941 seconds.
  path: Assets/HiRezSpaceshipsCreatorFree/Prefabs/ExamplesNoInterior/Example2NoInterior_Grey.prefab
  artifactKey: Guid(2dd421233b21bfb47aac86017eaa5283) Importer(815301076,1909f56bfc062723c751e8b465ee728b)
Start importing Assets/HiRezSpaceshipsCreatorFree/Prefabs/ExamplesNoInterior/Example2NoInterior_Grey.prefab using Guid(2dd421233b21bfb47aac86017eaa5283) Importer(815301076,1909f56bfc062723c751e8b465ee728b)  -> (artifact id: 'dcf3fbc0955207c8c9f4ce754f08f672') in 1.929526 seconds
Number of updated asset objects reloaded before import = 0
Number of asset objects unloaded after import = 408
========================================================================
Received Import Request.
  Time since last request: 0.000025 seconds.
  path: Assets/HiRezSpaceshipsCreatorFree/Prefabs/ExamplesNoInterior/Example5_NoInteriorGrey.prefab
  artifactKey: Guid(6a085dcfc21e36f43b07862e9a4c35fd) Importer(815301076,1909f56bfc062723c751e8b465ee728b)
Start importing Assets/HiRezSpaceshipsCreatorFree/Prefabs/ExamplesNoInterior/Example5_NoInteriorGrey.prefab using Guid(6a085dcfc21e36f43b07862e9a4c35fd) Importer(815301076,1909f56bfc062723c751e8b465ee728b)  -> (artifact id: '55e17108b8591170211e77a0dd54a010') in 1.919607 seconds
Number of updated asset objects reloaded before import = 0
Number of asset objects unloaded after import = 407
========================================================================
Received Import Request.
  Time since last request: 0.000033 seconds.
  path: Assets/HiRezSpaceshipsCreatorFree/Prefabs/Examples/Example5_Grey.prefab
  artifactKey: Guid(dbaff94d077d3c847b0a5840c0da435b) Importer(815301076,1909f56bfc062723c751e8b465ee728b)
Start importing Assets/HiRezSpaceshipsCreatorFree/Prefabs/Examples/Example5_Grey.prefab using Guid(dbaff94d077d3c847b0a5840c0da435b) Importer(815301076,1909f56bfc062723c751e8b465ee728b)  -> (artifact id: '72be5c29cac0a297caf54e6b0075c9db') in 2.183098 seconds
Number of updated asset objects reloaded before import = 0
Number of asset objects unloaded after import = 922
========================================================================
Received Import Request.
  Time since last request: 0.000027 seconds.
  path: Assets/HiRezSpaceshipsCreatorFree/Prefabs/Examples/Example2_Grey.prefab
  artifactKey: Guid(4ab2fc4928ff37746b26b549008cd60d) Importer(815301076,1909f56bfc062723c751e8b465ee728b)
Start importing Assets/HiRezSpaceshipsCreatorFree/Prefabs/Examples/Example2_Grey.prefab using Guid(4ab2fc4928ff37746b26b549008cd60d) Importer(815301076,1909f56bfc062723c751e8b465ee728b)  -> (artifact id: '93a29a4b1e642059550e6727c9bc8c29') in 2.360168 seconds
Number of updated asset objects reloaded before import = 0
Number of asset objects unloaded after import = 923
========================================================================
Received Import Request.
  Time since last request: 0.000046 seconds.
  path: Assets/HiRezSpaceshipsCreatorFree/Prefabs/Examples/Example3_Red.prefab
  artifactKey: Guid(ded92bffdbffb794aa3304b5cf0497df) Importer(815301076,1909f56bfc062723c751e8b465ee728b)
Start importing Assets/HiRezSpaceshipsCreatorFree/Prefabs/Examples/Example3_Red.prefab using Guid(ded92bffdbffb794aa3304b5cf0497df) Importer(815301076,1909f56bfc062723c751e8b465ee728b)  -> (artifact id: '91e37a6bf7cca3557f6582b7e3c8108d') in 2.008796 seconds
Number of updated asset objects reloaded before import = 0
Number of asset objects unloaded after import = 854
========================================================================
Received Import Request.
  Time since last request: 453.233959 seconds.
  path: Assets/HiRezSpaceshipsCreatorFree/Textures/Engines/Engine1/Engine1_MetallicSmoothness.png
  artifactKey: Guid(c54e7ee73bebdca4cbdc76ac7918954d) Importer(815301076,1909f56bfc062723c751e8b465ee728b)
Start importing Assets/HiRezSpaceshipsCreatorFree/Textures/Engines/Engine1/Engine1_MetallicSmoothness.png using Guid(c54e7ee73bebdca4cbdc76ac7918954d) Importer(815301076,1909f56bfc062723c751e8b465ee728b)  -> (artifact id: '5c4caf5fd471f4a92fad1e8925eaa892') in 0.158352 seconds
Number of updated asset objects reloaded before import = 0
Number of asset objects unloaded after import = 2
========================================================================
Received Import Request.
  Time since last request: 0.000031 seconds.
  path: Assets/HiRezSpaceshipsCreatorFree/Textures/Engines/Engine1/Engine1_Normal.png
  artifactKey: Guid(0d1ca60291887c14c85aa7eb169492b0) Importer(815301076,1909f56bfc062723c751e8b465ee728b)
Start importing Assets/HiRezSpaceshipsCreatorFree/Textures/Engines/Engine1/Engine1_Normal.png using Guid(0d1ca60291887c14c85aa7eb169492b0) Importer(815301076,1909f56bfc062723c751e8b465ee728b)  -> (artifact id: '5e3d9e20f4acf9aed1c09021dede8872') in 0.043861 seconds
Number of updated asset objects reloaded before import = 0
Number of asset objects unloaded after import = 2
========================================================================
Received Prepare
Begin MonoManager ReloadAssembly
Symbol file LoadedFromMemory doesn't match image D:\Aries\Cosmic_Quest\My project (1)\Library\PackageCache\com.unity.visualscripting@1.8.0\Editor\VisualScripting.Core\Dependencies\YamlDotNet\Unity.VisualScripting.YamlDotNet.dll
Symbol file LoadedFromMemory doesn't match image D:\Aries\Cosmic_Quest\My project (1)\Library\PackageCache\com.unity.visualscripting@1.8.0\Editor\VisualScripting.Core\Dependencies\DotNetZip\Unity.VisualScripting.IonicZip.dll
- Loaded All Assemblies, in  0.994 seconds
Refreshing native plugins compatible for Editor in 3.95 ms, found 3 plugins.
Native extension for WindowsStandalone target not found
Native extension for Android target not found
[Package Manager] Server::EnsureServerProcessIsRunning -- launch failed, reason: Unity was launched with the -noUpm command-line argument
[Package Manager] UpmClient::Send -- Unable to send message (not connected to UPM process).
[Package Manager] Cannot connect to Unity Package Manager local server
Mono: successfully reloaded assembly
- Finished resetting the current domain, in  2.022 seconds
Domain Reload Profiling: 3017ms
	BeginReloadAssembly (150ms)
		ExecutionOrderSort (0ms)
		DisableScriptedObjects (4ms)
		BackupInstance (0ms)
		ReleaseScriptingObjects (0ms)
		CreateAndSetChildDomain (44ms)
	RebuildCommonClasses (35ms)
	RebuildNativeTypeToScriptingClass (15ms)
	initialDomainReloadingComplete (29ms)
	LoadAllAssembliesAndSetupDomain (764ms)
		LoadAssemblies (422ms)
		RebuildTransferFunctionScriptingTraits (0ms)
		AnalyzeDomain (415ms)
			TypeCache.Refresh (407ms)
				TypeCache.ScanAssembly (390ms)
			ScanForSourceGeneratedMonoScriptInfo (4ms)
			ResolveRequiredComponents (4ms)
	FinalizeReload (2023ms)
		ReleaseScriptCaches (0ms)
		RebuildScriptCaches (0ms)
		SetupLoadedEditorAssemblies (1119ms)
			LogAssemblyErrors (0ms)
			InitializePlatformSupportModulesInManaged (31ms)
			SetLoadedEditorAssemblies (6ms)
			RefreshPlugins (0ms)
			BeforeProcessingInitializeOnLoad (80ms)
			ProcessInitializeOnLoadAttributes (946ms)
			ProcessInitializeOnLoadMethodAttributes (52ms)
			AfterProcessingInitializeOnLoad (4ms)
			EditorAssembliesLoaded (0ms)
		ExecutionOrderSort2 (0ms)
		AwakeInstancesAfterBackupRestoration (23ms)
Refreshing native plugins compatible for Editor in 3.34 ms, found 3 plugins.
Preloading 0 native plugins for Editor in 0.00 ms.
Unloading 3064 Unused Serialized files (Serialized files now loaded: 0)
Unloading 23 unused Assets / (56.2 KB). Loaded Objects now: 3553.
Memory consumption went from 120.1 MB to 120.0 MB.
Total: 9.462300 ms (FindLiveObjects: 0.970500 ms CreateObjectMapping: 0.313200 ms MarkObjects: 7.959500 ms  DeleteObjects: 0.217200 ms)

Prepare: number of updated asset objects reloaded= 0
AssetImportParameters requested are different than current active one (requested -> active):
  custom:container-demuxer-ogg: 62fdf1f143b41e24485cea50d1cbac27 -> 
  custom:video-codec-MediaFoundation-h265: 746d11721c4dcdbdad8f713fa42b33f4 -> 
  custom:video-decoder-ogg-theora: a1e56fd34408186e4bbccfd4996cb3dc -> 
  custom:framework-win-MediaFoundation: 216162199b28c13a410421893ffa2e32 -> 
  custom:CustomObjectIndexerAttribute: 756ad292c208cfabdd7b50bc23989ffe -> 
  custom:container-demuxer-webm: 4f35f7cbe854078d1ac9338744f61a02 -> 
  custom:container-muxer-webm: aa71ff27fc2769a1b78a27578f13a17b -> 
  custom:video-decoder-webm-vp8: 9c59270c3fd7afecdb556c50c9e8de78 -> 
  custom:SearchIndexIgnoredProperties: e643bd26f0fe6173181afceb89e7c659 -> 
  custom:AudioImporter_EditorPlatform: d09bf68614088b80899f8185d706f6e7 -> 
  custom:video-encoder-webm-vp8: eb34c28f22e8b96e1ab97ce403110664 -> 
  custom:audio-decoder-ogg-vorbis: bf7c407c2cedff20999df2af8eb42d56 -> 
  custom:audio-encoder-webm-vorbis: bf7c407c2cedff20999df2af8eb42d56 -> 
========================================================================
Received Prepare
Begin MonoManager ReloadAssembly
Symbol file LoadedFromMemory doesn't match image D:\Aries\Cosmic_Quest\My project (1)\Library\PackageCache\com.unity.visualscripting@1.8.0\Editor\VisualScripting.Core\Dependencies\YamlDotNet\Unity.VisualScripting.YamlDotNet.dll
Symbol file LoadedFromMemory doesn't match image D:\Aries\Cosmic_Quest\My project (1)\Library\PackageCache\com.unity.visualscripting@1.8.0\Editor\VisualScripting.Core\Dependencies\DotNetZip\Unity.VisualScripting.IonicZip.dll
- Loaded All Assemblies, in  0.727 seconds
Refreshing native plugins compatible for Editor in 2.62 ms, found 3 plugins.
Native extension for WindowsStandalone target not found
Native extension for Android target not found
[Package Manager] Server::EnsureServerProcessIsRunning -- launch failed, reason: Unity was launched with the -noUpm command-line argument
[Package Manager] UpmClient::Send -- Unable to send message (not connected to UPM process).
[Package Manager] Cannot connect to Unity Package Manager local server
Mono: successfully reloaded assembly
- Finished resetting the current domain, in  1.076 seconds
Domain Reload Profiling: 1803ms
	BeginReloadAssembly (146ms)
		ExecutionOrderSort (0ms)
		DisableScriptedObjects (7ms)
		BackupInstance (0ms)
		ReleaseScriptingObjects (0ms)
		CreateAndSetChildDomain (42ms)
	RebuildCommonClasses (40ms)
	RebuildNativeTypeToScriptingClass (11ms)
	initialDomainReloadingComplete (25ms)
	LoadAllAssembliesAndSetupDomain (504ms)
		LoadAssemblies (295ms)
		RebuildTransferFunctionScriptingTraits (0ms)
		AnalyzeDomain (275ms)
			TypeCache.Refresh (268ms)
				TypeCache.ScanAssembly (256ms)
			ScanForSourceGeneratedMonoScriptInfo (3ms)
			ResolveRequiredComponents (4ms)
	FinalizeReload (1077ms)
		ReleaseScriptCaches (0ms)
		RebuildScriptCaches (0ms)
		SetupLoadedEditorAssemblies (380ms)
			LogAssemblyErrors (0ms)
			InitializePlatformSupportModulesInManaged (26ms)
			SetLoadedEditorAssemblies (5ms)
			RefreshPlugins (0ms)
			BeforeProcessingInitializeOnLoad (54ms)
			ProcessInitializeOnLoadAttributes (271ms)
			ProcessInitializeOnLoadMethodAttributes (22ms)
			AfterProcessingInitializeOnLoad (2ms)
			EditorAssembliesLoaded (0ms)
		ExecutionOrderSort2 (0ms)
		AwakeInstancesAfterBackupRestoration (7ms)
Refreshing native plugins compatible for Editor in 2.41 ms, found 3 plugins.
Preloading 0 native plugins for Editor in 0.00 ms.
Unloading 3065 Unused Serialized files (Serialized files now loaded: 0)
Unloading 22 unused Assets / (30.6 KB). Loaded Objects now: 3556.
Memory consumption went from 120.3 MB to 120.3 MB.
Total: 3.206700 ms (FindLiveObjects: 0.249600 ms CreateObjectMapping: 0.220000 ms MarkObjects: 2.680300 ms  DeleteObjects: 0.056100 ms)

Prepare: number of updated asset objects reloaded= 0
AssetImportParameters requested are different than current active one (requested -> active):
  custom:container-demuxer-ogg: 62fdf1f143b41e24485cea50d1cbac27 -> 
  custom:video-codec-MediaFoundation-h265: 746d11721c4dcdbdad8f713fa42b33f4 -> 
  custom:video-decoder-ogg-theora: a1e56fd34408186e4bbccfd4996cb3dc -> 
  custom:framework-win-MediaFoundation: 216162199b28c13a410421893ffa2e32 -> 
  custom:CustomObjectIndexerAttribute: 756ad292c208cfabdd7b50bc23989ffe -> 
  custom:container-demuxer-webm: 4f35f7cbe854078d1ac9338744f61a02 -> 
  custom:container-muxer-webm: aa71ff27fc2769a1b78a27578f13a17b -> 
  custom:video-decoder-webm-vp8: 9c59270c3fd7afecdb556c50c9e8de78 -> 
  custom:SearchIndexIgnoredProperties: e643bd26f0fe6173181afceb89e7c659 -> 
  custom:AudioImporter_EditorPlatform: d09bf68614088b80899f8185d706f6e7 -> 
  custom:video-encoder-webm-vp8: eb34c28f22e8b96e1ab97ce403110664 -> 
  custom:audio-decoder-ogg-vorbis: bf7c407c2cedff20999df2af8eb42d56 -> 
  custom:audio-encoder-webm-vorbis: bf7c407c2cedff20999df2af8eb42d56 -> 
========================================================================
Received Prepare
Begin MonoManager ReloadAssembly
Symbol file LoadedFromMemory doesn't match image D:\Aries\Cosmic_Quest\My project (1)\Library\PackageCache\com.unity.visualscripting@1.8.0\Editor\VisualScripting.Core\Dependencies\YamlDotNet\Unity.VisualScripting.YamlDotNet.dll
Symbol file LoadedFromMemory doesn't match image D:\Aries\Cosmic_Quest\My project (1)\Library\PackageCache\com.unity.visualscripting@1.8.0\Editor\VisualScripting.Core\Dependencies\DotNetZip\Unity.VisualScripting.IonicZip.dll
- Loaded All Assemblies, in  0.562 seconds
Refreshing native plugins compatible for Editor in 2.14 ms, found 3 plugins.
Native extension for WindowsStandalone target not found
Native extension for Android target not found
[Package Manager] Server::EnsureServerProcessIsRunning -- launch failed, reason: Unity was launched with the -noUpm command-line argument
[Package Manager] UpmClient::Send -- Unable to send message (not connected to UPM process).
[Package Manager] Cannot connect to Unity Package Manager local server
Mono: successfully reloaded assembly
- Finished resetting the current domain, in  0.679 seconds
Domain Reload Profiling: 1241ms
	BeginReloadAssembly (121ms)
		ExecutionOrderSort (0ms)
		DisableScriptedObjects (5ms)
		BackupInstance (0ms)
		ReleaseScriptingObjects (0ms)
		CreateAndSetChildDomain (34ms)
	RebuildCommonClasses (27ms)
	RebuildNativeTypeToScriptingClass (9ms)
	initialDomainReloadingComplete (21ms)
	LoadAllAssembliesAndSetupDomain (383ms)
		LoadAssemblies (201ms)
		RebuildTransferFunctionScriptingTraits (0ms)
		AnalyzeDomain (237ms)
			TypeCache.Refresh (234ms)
				TypeCache.ScanAssembly (224ms)
			ScanForSourceGeneratedMonoScriptInfo (0ms)
			ResolveRequiredComponents (3ms)
	FinalizeReload (680ms)
		ReleaseScriptCaches (0ms)
		RebuildScriptCaches (0ms)
		SetupLoadedEditorAssemblies (331ms)
			LogAssemblyErrors (0ms)
			InitializePlatformSupportModulesInManaged (19ms)
			SetLoadedEditorAssemblies (4ms)
			RefreshPlugins (0ms)
			BeforeProcessingInitializeOnLoad (49ms)
			ProcessInitializeOnLoadAttributes (238ms)
			ProcessInitializeOnLoadMethodAttributes (19ms)
			AfterProcessingInitializeOnLoad (2ms)
			EditorAssembliesLoaded (0ms)
		ExecutionOrderSort2 (0ms)
		AwakeInstancesAfterBackupRestoration (7ms)
Refreshing native plugins compatible for Editor in 2.77 ms, found 3 plugins.
Preloading 0 native plugins for Editor in 0.00 ms.
Unloading 3065 Unused Serialized files (Serialized files now loaded: 0)
Unloading 22 unused Assets / (30.6 KB). Loaded Objects now: 3559.
Memory consumption went from 120.3 MB to 120.3 MB.
Total: 3.314700 ms (FindLiveObjects: 0.221000 ms CreateObjectMapping: 0.167300 ms MarkObjects: 2.875600 ms  DeleteObjects: 0.050000 ms)

Prepare: number of updated asset objects reloaded= 0
AssetImportParameters requested are different than current active one (requested -> active):
  custom:container-demuxer-ogg: 62fdf1f143b41e24485cea50d1cbac27 -> 
  custom:video-codec-MediaFoundation-h265: 746d11721c4dcdbdad8f713fa42b33f4 -> 
  custom:video-decoder-ogg-theora: a1e56fd34408186e4bbccfd4996cb3dc -> 
  custom:framework-win-MediaFoundation: 216162199b28c13a410421893ffa2e32 -> 
  custom:CustomObjectIndexerAttribute: 756ad292c208cfabdd7b50bc23989ffe -> 
  custom:container-demuxer-webm: 4f35f7cbe854078d1ac9338744f61a02 -> 
  custom:container-muxer-webm: aa71ff27fc2769a1b78a27578f13a17b -> 
  custom:video-decoder-webm-vp8: 9c59270c3fd7afecdb556c50c9e8de78 -> 
  custom:SearchIndexIgnoredProperties: e643bd26f0fe6173181afceb89e7c659 -> 
  custom:AudioImporter_EditorPlatform: d09bf68614088b80899f8185d706f6e7 -> 
  custom:video-encoder-webm-vp8: eb34c28f22e8b96e1ab97ce403110664 -> 
  custom:audio-decoder-ogg-vorbis: bf7c407c2cedff20999df2af8eb42d56 -> 
  custom:audio-encoder-webm-vorbis: bf7c407c2cedff20999df2af8eb42d56 -> 
